IQ-TREE multicore version 1.6.10 for Linux 64-bit built Feb 19 2019
Developed by Bui Quang Minh, Nguyen Lam Tung, Olga Chernomor,
Heiko Schmidt, Dominik Schrempf, Michael Woodhams.

Host:    IT072283 (AVX2, FMA3, 15 GB RAM)
Command: iqtree -s topblast50idali.fa -m GTR+G+F -bb 1000 -bnni -wbtl
Seed:    40089 (Using SPRNG - Scalable Parallel Random Number Generator)
Time:    Wed Aug 21 09:23:27 2019
Kernel:  AVX+FMA - 1 threads (8 CPU cores detected)

HINT: Use -nt option to specify number of threads because your CPU has 8 cores!
HINT: -nt AUTO will automatically determine the best number of threads to use.

Reading alignment file topblast50idali.fa ... Fasta format detected
Alignment most likely contains DNA/RNA sequences
Alignment has 273 sequences with 26789 columns, 11903 distinct patterns
8494 parsimony-informative, 5048 singleton sites, 13247 constant sites
                Gap/Ambiguity  Composition  p-value
   1  XM_024453263.1   81.48%    passed     13.84%
   2  XM_024453260.1   73.46%    failed      0.28%
   3  XM_024453258.1   63.82%    failed      0.00%
   4  BC137224.1       87.18%    failed      2.87%
   5  BC137223.1       87.16%    failed      2.74%
   6  NM_001009992.1   86.38%    passed     13.86%
   7  AK128654.1       86.39%    passed     13.97%
   8  XM_004028008.2   86.42%    passed     14.82%
   9  XM_003824734.1   86.41%    passed     14.88%
  10  XM_001159837.4   84.28%    failed      1.09%
  11  XM_002809718.2   86.40%    passed     20.20%
  12  XM_003264427.1   86.39%    passed     21.32%
  13  XM_007989286.1   86.20%    failed      0.00%
  14  XM_021929851.1   83.92%    passed     41.18%
  15  XM_025362844.1   86.43%    passed     12.27%
  16  XM_011746263.1   86.85%    passed     16.64%
  17  XM_011746262.1   86.82%    passed     23.55%
  18  XM_011746261.1   83.42%    passed      7.93%
  19  XM_023203383.2   86.40%    passed     14.38%
  20  XM_005540160.2   82.75%    passed     10.37%
  21  XM_017848053.1   86.36%    passed     43.22%
  22  XM_010368908.1   86.36%    passed     38.17%
  23  XM_012048589.1   86.36%    passed     18.07%
  24  XM_012048580.1   84.96%    passed      9.19%
  25  XM_012048572.1   86.14%    passed      6.86%
  26  XM_012048565.1   85.12%    failed      1.87%
  27  XM_001114945.4   84.09%    passed     40.51%
  28  XM_011942125.1   86.39%    passed     16.84%
  29  XM_012002629.1   86.42%    passed      8.04%
  30  XM_002760296.3   87.47%    failed      0.00%
  31  XM_012444725.2   87.64%    failed      0.00%
  32  XM_012444727.1   88.70%    failed      0.00%
  33  XM_012444726.1   83.02%    failed      0.10%
  34  XM_012444724.1   91.43%    failed      0.00%
  35  XM_012444723.1   91.29%    failed      0.00%
  36  XM_012444722.1   90.99%    failed      0.00%
  37  XR_001106162.1   90.71%    failed      0.00%
  38  XM_012444720.1   90.85%    failed      0.00%
  39  XM_017524475.1   87.98%    failed      0.00%
  40  XM_012639985.1   93.75%    failed      0.00%
  41  XM_008567375.1   93.65%    failed      0.00%
  42  XM_004396858.1   93.62%    failed      0.00%
  43  XM_028121473.1   93.62%    failed      0.00%
  44  XM_025877744.1   93.62%    failed      0.00%
  45  XM_026509030.1   88.20%    failed      0.00%
  46  XM_027609926.1   93.62%    failed      0.00%
  47  XM_008701129.1   92.61%    failed      0.00%
  48  XM_012735556.2   89.26%    failed      0.00%
  49  XM_012735562.2   89.95%    failed      0.00%
  50  XM_004424963.2   93.45%    failed      0.00%
  51  XM_006729143.1   93.62%    failed      0.00%
  52  XM_021682570.1   93.63%    failed      0.00%
  53  XM_002919375.3   92.05%    failed      0.00%
  54  XM_015492048.1   92.43%    failed      0.00%
  55  XM_027934908.1   93.71%    failed      0.00%
  56  XM_026392823.1   93.71%    failed      0.00%
  57  XM_014845385.1   93.27%    failed      0.00%
  58  XM_021722590.1   87.88%    failed      0.02%
  59  XM_005319727.2   88.97%    failed      0.04%
  60  XM_021722589.1   87.71%    failed      0.28%
  61  NM_001256927.2   93.64%    failed      0.00%
  62  XM_023640241.1   74.68%    failed      0.00%
  63  XM_008521511.1   93.05%    failed      0.00%
  64  XM_004767901.1   71.00%    failed      0.00%
  65  XM_022508149.1   93.62%    failed      0.00%
  66  XM_003785647.1   93.82%    failed      0.00%
  67  XM_029933479.1   93.63%    failed      0.00%
  68  XM_008063295.1   93.82%    failed      0.00%
  69  XM_006193005.2   92.94%    failed      0.00%
  70  XM_025429682.1   90.28%    failed      0.00%
  71  XM_547426.4      90.23%    failed      0.00%
  72  XM_010954935.1   93.06%    failed      0.00%
  73  XM_015245656.1   92.90%    failed      0.00%
  74  XM_030302946.1   93.63%    failed      0.00%
  75  XM_026001068.1   90.50%    failed      0.00%
  76  XM_019427825.1   87.76%    failed      0.00%
  77  XM_019427815.1   87.44%    failed      0.00%
  78  XM_019427808.1   88.85%    failed      0.00%
  79  XM_019427801.1   88.56%    failed      0.00%
  80  XM_023247844.1   87.77%    failed      0.00%
  81  XM_003999280.3   88.93%    failed      0.00%
  82  XM_019821763.2   88.64%    failed      0.00%
  83  XM_007096202.2   93.60%    failed      0.00%
  84  XM_025921245.1   93.63%    failed      0.00%
  85  XM_027074408.1   87.60%    failed      0.00%
  86  XM_015062948.2   88.85%    failed      0.00%
  87  XM_027074407.1   88.56%    failed      0.00%
  88  XM_011361270.1   94.01%    failed      0.00%
  89  XM_021722591.1   88.33%    failed      0.89%
  90  XM_006907892.1   94.01%    failed      0.00%
  91  XM_027564092.1   92.63%    failed      0.00%
  92  XM_002694205.3   93.68%    failed      0.00%
  93  XM_005906892.1   93.68%    failed      0.00%
  94  XM_019976316.1   93.69%    failed      0.00%
  95  XM_020154741.1   93.81%    failed      0.00%
  96  XM_010988550.1   93.80%    failed      0.00%
  97  XM_027768109.1   89.81%    failed      0.00%
  98  XM_006048657.2   93.43%    failed      0.00%
  99  XM_007175180.1   93.77%    failed      0.00%
 100  XM_029228183.1   93.77%    failed      0.00%
 101  XM_004269829.1   93.77%    failed      0.00%
 102  XM_022556652.1   93.73%    failed      0.00%
 103  XM_024758840.1   93.77%    failed      0.00%
 104  XM_027083089.1   74.94%    failed      0.01%
 105  XM_027976127.1   90.54%    failed      0.00%
 106  XM_027976126.1   89.90%    failed      0.00%
 107  XM_005709446.2   93.69%    failed      0.00%
 108  XM_019918734.1   86.26%    failed      2.36%
 109  XM_007448506.1   93.77%    failed      0.00%
 110  XM_004688144.1   93.63%    failed      0.00%
 111  XM_005374999.1   88.24%    failed      0.00%
 112  XM_016145541.1   94.01%    failed      0.00%
 113  XM_008145918.2   93.14%    failed      0.00%
 114  XM_015091156.1   77.24%    failed      0.00%
 115  XM_012171415.2   78.70%    failed      0.00%
 116  XM_020908994.1   93.69%    failed      0.00%
 117  XM_028775726.1   94.00%    failed      0.00%
 118  NM_001204908.2   88.65%    passed     10.91%
 119  XR_387142.3      87.74%    passed     28.71%
 120  XM_021164898.1   93.47%    failed      0.00%
 121  XM_027418073.1   89.97%    failed      0.01%
 122  XM_012529238.2   90.00%    failed      0.00%
 123  XM_021197364.2   93.99%    failed      0.00%
 124  XM_021659796.1   93.64%    failed      0.00%
 125  XM_008762472.2   89.40%    failed      0.00%
 126  XM_006979910.2   93.89%    failed      0.00%
 127  XM_013114277.2   90.41%    failed      0.57%
 128  XM_005364005.2   93.69%    failed      0.00%
 129  XM_019635440.1   96.23%    failed      0.00%
 130  XM_010336165.1   93.53%    failed      0.00%
 131  XM_027435025.1   90.30%    failed      0.06%
 132  XM_010853134.1   94.31%    failed      0.00%
 133  XM_021265315.1   93.85%    failed      0.00%
 134  XM_029912355.1   87.61%    failed      0.00%
 135  XM_006009728.2   88.70%    failed      0.00%
 136  XM_025186610.1   86.68%    failed      0.00%
 137  XM_019530953.1   86.78%    failed      3.32%
 138  XM_019501762.1   86.83%    failed      1.80%
 139  XM_007061146.2   81.37%    failed      0.03%
 140  XM_019530954.1   86.52%    failed      0.99%
 141  XM_019501763.1   86.52%    failed      1.12%
 142  XM_025206185.1   81.10%    failed      2.12%
 143  XM_024103944.1   73.93%    passed     50.60%
 144  XM_019500181.1   82.04%    failed      0.00%
 145  XR_003948053.1   71.51%    failed      0.00%
 146  XM_029618876.1   79.17%    failed      0.00%
 147  XM_023708803.1   94.80%    failed      0.00%
 148  XM_026084656.1   94.32%    failed      0.00%
 149  XM_013157835.1   95.70%    failed      0.00%
 150  XR_002347093.1   81.78%    passed     36.88%
 151  XM_021604446.1   92.60%    passed     64.83%
 152  XM_024411911.1   92.05%    passed     15.47%
 153  XM_029687038.1   92.07%    passed     18.64%
 154  XM_021599531.1   92.02%    passed      8.93%
 155  XM_014169121.1   91.95%    passed     25.32%
 156  XM_020492843.1   91.78%    passed     12.59%
 157  XM_029707734.1   91.59%    passed     93.51%
 158  XM_020499386.1   91.49%    passed     60.93%
 159  XM_024422168.1   91.41%    passed     71.47%
 160  XM_024422023.1   91.41%    passed     71.47%
 161  XM_020048846.1   87.35%    failed      0.00%
 162  XM_029750694.1   92.13%    passed     14.21%
 163  XM_029750696.1   92.05%    failed      3.59%
 164  XM_029648549.1   91.19%    passed     60.93%
 165  XM_029750695.1   91.92%    passed      9.80%
 166  XM_023998530.1   92.00%    passed     27.13%
 167  XM_029648550.1   91.78%    passed     67.33%
 168  XM_014123137.1   90.19%    passed     31.30%
 169  XM_020048844.1   85.80%    failed      0.00%
 170  XM_020048845.1   85.48%    failed      0.00%
 171  XM_024004142.1   89.87%    passed     25.96%
 172  XM_015385523.1   94.63%    passed     14.57%
 173  XM_015385524.1   95.23%    passed     10.56%
 174  XM_015385525.1   95.27%    passed      9.38%
 175  XM_029276816.1   94.59%    failed      0.57%
 176  XM_026214770.1   94.03%    failed      0.43%
 177  XM_019109641.1   93.41%    failed      0.08%
 178  XM_022759181.1   96.70%    passed     11.46%
 179  XM_019109642.1   93.34%    failed      0.15%
 180  XM_026345677.1   94.68%    failed      1.50%
 181  XM_016449771.1   94.18%    failed      0.72%
 182  XM_016545744.1   91.20%    failed      0.00%
 183  XM_029145681.1   94.81%    failed      0.01%
 184  XM_016249536.1   94.26%    failed      0.51%
 185  XM_022215953.1   95.18%    failed      0.05%
 186  XM_023287487.1   95.17%    failed      0.14%
 187  XM_016545743.1   90.83%    failed      0.00%
 188  XM_016526718.1   93.94%    failed      0.20%
 189  XM_021477103.1   91.04%    failed      0.00%
 190  XM_021477101.1   90.97%    failed      0.00%
 191  XM_015962303.1   93.64%    failed      0.27%
 192  XM_021477102.1   90.90%    failed      0.00%
 193  XM_025009982.1   93.46%    failed      0.00%
 194  XM_029500127.1   94.80%    failed      1.17%
 195  XM_005168744.4   90.39%    failed      0.00%
 196  XM_006790494.1   94.73%    failed      0.02%
 197  XM_026101037.1   86.44%    failed      0.00%
 198  XM_019109640.1   91.14%    failed      0.00%
 199  XM_016473575.1   91.19%    failed      0.00%
 200  XM_028999981.1   93.15%    failed      0.00%
 201  XM_019109141.1   93.38%    failed      0.05%
 202  XM_020609949.1   96.70%    passed      8.18%
 203  XM_016526717.1   92.20%    failed      0.00%
 204  XM_016473574.1   90.82%    failed      0.00%
 205  XM_023339275.1   88.73%    failed      0.00%
 206  XM_017433705.2   91.99%    failed      0.00%
 207  XM_014990966.1   86.96%    failed      0.00%
 208  XM_028587926.1   91.25%    failed      0.00%
 209  XM_007554678.2   86.54%    failed      0.00%
 210  XM_028587925.1   90.57%    failed      0.00%
 211  XM_028587924.1   90.51%    failed      0.00%
 212  XM_023416508.1   90.79%    failed      0.00%
 213  XM_016238155.1   88.94%    failed      0.00%
 214  XM_005727247.1   90.25%    failed      0.00%
 215  XM_016238154.1   88.58%    failed      0.00%
 216  XM_028404564.1   89.77%    failed      0.00%
 217  XM_028404563.1   90.13%    failed      0.00%
 218  XM_008407786.1   83.86%    failed      0.00%
 219  XM_015056595.1   81.84%    failed      0.00%
 220  XM_005919834.2   89.70%    failed      0.00%
 221  XM_014024064.1   92.79%    failed      0.54%
 222  XM_004552912.1   90.14%    failed      0.00%
 223  XM_019471145.1   94.89%    failed      0.00%
 224  XM_026159098.1   89.10%    failed      0.00%
 225  XM_007253444.2   92.00%    passed     39.15%
 226  XM_010775303.1   88.15%    failed      0.00%
 227  XM_028028148.1   80.95%    failed      0.00%
 228  XM_008296993.1   87.45%    failed      0.00%
 229  XM_026262974.1   87.58%    failed      0.00%
 230  XM_028441263.1   91.44%    failed      0.01%
 231  XR_002920001.1   90.72%    failed      0.00%
 232  XM_029430236.1   84.29%    failed      0.00%
 233  XM_018670025.1   87.84%    failed      0.00%
 234  XM_024279127.1   90.31%    failed      0.01%
 235  XM_021309375.1   85.25%    failed      0.00%
 236  XM_005451137.4   85.31%    failed      0.00%
 237  XM_019261963.2   81.05%    failed      0.00%
 238  XM_029430235.1   82.35%    failed      0.00%
 239  XM_020080659.1   85.12%    failed      0.00%
 240  XM_020080660.1   84.75%    failed      0.00%
 241  XM_030372649.1   91.24%    failed      0.00%
 242  XM_004068264.4   88.27%    failed      1.11%
 243  XM_008336907.3   87.30%    failed      0.00%
 244  XM_026655739.2   90.10%    failed      0.00%
 245  XM_018734676.2   87.07%    failed      0.01%
 246  XM_018734676.1   87.06%    failed      0.01%
 247  XM_029250052.1   86.70%    failed      0.01%
 248  XM_027146888.1   93.88%    failed      1.50%
 249  XM_016422338.1   91.25%    failed      0.00%
 250  XR_003440692.1   93.00%    failed      0.01%
 251  XM_009320726.1   96.74%    failed      0.00%
 252  XM_016422337.1   90.35%    failed      0.00%
 253  XM_016422406.1   90.10%    failed      0.00%
 254  XM_012821772.1   88.78%    failed      0.00%
 255  XM_012821770.1   88.73%    failed      0.00%
 256  XM_016422407.1   89.26%    failed      0.00%
 257  XM_026917748.1   88.53%    failed      0.00%
 258  XM_026917757.1   88.41%    failed      0.00%
 259  XM_016427490.1   95.72%    failed      0.00%
 260  XM_015355156.1   94.74%    failed      0.00%
 261  XM_016427508.1   92.06%    failed      0.00%
 262  XM_023816659.1   91.93%    failed      0.57%
 263  XM_016422470.1   90.46%    failed      0.00%
 264  XM_016427506.1   91.43%    failed      0.00%
 265  XM_016427507.1   91.19%    failed      0.00%
 266  XM_007492726.1   91.69%    failed      0.00%
 267  XM_007492725.1   91.11%    failed      0.00%
 268  XM_016426846.1   90.66%    failed      0.00%
 269  XM_026997491.1   94.76%    failed      0.00%
 270  XM_012566746.1   95.35%    failed      0.00%
 271  XM_016422405.1   86.43%    failed      0.00%
 272  XM_027833090.1   89.54%    failed      0.00%
 273  XM_020525184.1   90.04%    failed      0.00%
WARNING: 273 sequences contain more than 50% gaps/ambiguity
****  TOTAL            89.72%  224 sequences failed composition chi2 test (p-value<5%; df=3)
NOTE: XM_024422023.1 is identical to XM_024422168.1 but kept for subsequent analysis

Create initial parsimony tree by phylogenetic likelihood library (PLL)... 0.490 seconds
Generating 1000 samples for ultrafast bootstrap (seed: 40089)...

NOTE: 467 MB RAM (0 GB) is required!
Estimate model parameters (epsilon = 0.100)
1. Initial log-likelihood: -321795.186
2. Current log-likelihood: -283253.545
3. Current log-likelihood: -282734.458
4. Current log-likelihood: -282724.514
5. Current log-likelihood: -282722.733
6. Current log-likelihood: -282722.315
Optimal log-likelihood: -282722.180
Rate parameters:  A-C: 1.01224  A-G: 3.07953  A-T: 1.19920  C-G: 1.01600  C-T: 2.93060  G-T: 1.00000
Base frequencies:  A: 0.257  C: 0.259  G: 0.251  T: 0.233
Gamma shape alpha: 1.424
Parameters optimization took 6 rounds (54.448 sec)
Computing ML distances based on estimated model parameters... 7.634 sec
Computing BIONJ tree...
0.033 seconds
Log-likelihood of BIONJ tree: -287621.829
--------------------------------------------------------------------
|             INITIALIZING CANDIDATE TREE SET                      |
--------------------------------------------------------------------
Generating 98 parsimony trees... 47.340 second
Computing log-likelihood of 98 initial trees ... 206.048 seconds
Current best score: -282722.180

Do NNI search on 20 best initial trees
Estimate model parameters (epsilon = 0.100)
BETTER TREE FOUND at iteration 1: -282572.854
Estimate model parameters (epsilon = 0.100)
BETTER TREE FOUND at iteration 7: -282566.996
UPDATE BEST LOG-LIKELIHOOD: -282566.994
Iteration 10 / LogL: -282567.106 / Time: 0h:10m:25s
UPDATE BEST LOG-LIKELIHOOD: -282566.992
Iteration 20 / LogL: -282574.638 / Time: 0h:15m:4s
Finish initializing candidate tree set (11)
Current best tree score: -282566.992 / CPU time: 824.714
Number of iterations: 20
--------------------------------------------------------------------
|               OPTIMIZING CANDIDATE TREE SET                      |
--------------------------------------------------------------------
Estimate model parameters (epsilon = 0.100)
BETTER TREE FOUND at iteration 29: -282566.785
Iteration 30 / LogL: -282569.913 / Time: 0h:19m:34s (1h:6m:48s left)
Estimate model parameters (epsilon = 0.100)
BETTER TREE FOUND at iteration 40: -282566.627
Iteration 40 / LogL: -282566.627 / Time: 0h:23m:27s (1h:0m:8s left)
UPDATE BEST LOG-LIKELIHOOD: -282566.626
UPDATE BEST LOG-LIKELIHOOD: -282566.626
Iteration 50 / LogL: -282566.626 / Time: 0h:27m:10s (0h:49m:53s left)
Estimate model parameters (epsilon = 0.100)
BETTER TREE FOUND at iteration 57: -282563.435
Iteration 60 / LogL: -282593.763 / Time: 0h:31m:19s (0h:51m:28s left)
Iteration 70 / LogL: -282569.903 / Time: 0h:35m:42s (0h:45m:0s left)
UPDATE BEST LOG-LIKELIHOOD: -282563.433
UPDATE BEST LOG-LIKELIHOOD: -282563.432
UPDATE BEST LOG-LIKELIHOOD: -282563.431
Iteration 80 / LogL: -282566.628 / Time: 0h:39m:19s (0h:38m:19s left)
Iteration 90 / LogL: -282566.226 / Time: 0h:42m:58s (0h:32m:20s left)
Iteration 100 / LogL: -282563.432 / Time: 0h:46m:33s (0h:26m:48s left)
Iteration 110 / LogL: -282703.599 / Time: 0h:50m:2s (0h:21m:34s left)
UPDATE BEST LOG-LIKELIHOOD: -282563.428
Iteration 120 / LogL: -282566.772 / Time: 0h:53m:37s (0h:16m:40s left)
Iteration 130 / LogL: -282571.306 / Time: 0h:57m:14s (0h:11m:58s left)
Iteration 140 / LogL: -282563.670 / Time: 1h:0m:34s (0h:7m:24s left)
Iteration 150 / LogL: -282675.180 / Time: 1h:4m:17s (0h:3m:1s left)
Refining ufboot trees with NNI 1 branch...
100 samples done
200 samples done
300 samples done
400 samples done
500 samples done
600 samples done
700 samples done
800 samples done
900 samples done
