IQ-TREE multicore version 1.6.7 for Linux 64-bit built Aug 23 2018
Developed by Bui Quang Minh, Nguyen Lam Tung, Olga Chernomor,
Heiko Schmidt, Dominik Schrempf, Michael Woodhams.

Host:    highmem14.bc4.acrc.priv (AVX2, FMA3, 503 GB RAM)
Command: iqtree -s ultimateznf648.fa -m LG+C60+F+G -bb 1000 -wbtl -bnni -nt AUTO --runs 10
Seed:    634811 (Using SPRNG - Scalable Parallel Random Number Generator)
Time:    Fri Aug 30 15:50:22 2019
Kernel:  AVX+FMA - auto-detect threads (28 CPU cores detected)

Reading alignment file ultimateznf648.fa ... Fasta format detected
Alignment most likely contains protein sequences
Alignment has 42 sequences with 1132 columns, 802 distinct patterns
459 parsimony-informative, 174 singleton sites, 499 constant sites
                             Gap/Ambiguity  Composition  p-value
   1  Callithrix_jacchus            49.91%    passed     83.58%
   2  Pan_troglodytes               49.82%    passed     63.84%
   3  Apteryx_rowi                  55.39%    failed      0.00%
   4  Terrapene_carolina            22.08%    passed     96.95%
   5  Chrysemys_picta               16.34%    passed     91.96%
   6  Chelonia_mydas                18.46%    passed     74.82%
   7  Pelodiscus_sinensis           16.17%    passed     89.11%
   8  Alligator_sinensis            25.35%    passed     94.49%
   9  Crocodylus_porosus            48.85%    passed     97.54%
  10  Rhinatrema_bivittatum         51.15%    passed     85.24%
  11  Latimeria_chalumnae           45.23%    failed      0.00%
  12  Poecilia_reticulata           57.33%    failed      4.70%
  13  Fundulus_heteroclitus         62.46%    passed     33.99%
  14  Cyprinodon_variegatus         62.10%    passed     28.51%
  15  Anabas_testudineus            58.13%    passed     24.04%
  16  Acanthochromis_polyacanthus   62.01%    failed      1.75%
  17  Stegastes_partitus            56.89%    passed      8.23%
  18  Pundamilia_nyererei           56.89%    passed     16.54%
  19  Neolamprologus_brichardi      67.84%    passed     12.13%
  20  Maylandia_zebra               56.89%    passed     14.36%
  21  Haplochromis_burtoni          56.89%    passed     17.86%
  22  Oreochromis_niloticus         56.89%    passed     17.05%
  23  Kryptolebias_marmoratus       56.80%    failed      0.02%
  24  Cynoglossus_semilaevis        55.92%    passed      8.88%
  25  Oryzias_latipes               60.78%    passed     98.12%
  26  Danio_rerio                   57.51%    failed      0.13%
  27  Astyanax_mexicanus            56.36%    passed     81.48%
  28  Homo_sapiens                  49.82%    passed     57.53%
  29  Nomascus_leucogenys           49.82%    passed     76.15%
  30  Piliocolobus_tephrosceles     50.09%    passed     63.47%
  31  Otolemur_garnettii            51.33%    passed     46.47%
  32  Ursus_maritimus               49.82%    passed     20.81%
  33  Mustela_putorius_furo         49.73%    passed     19.81%
  34  Vulpes_vulpes                 49.73%    passed     23.45%
  35  Panthera_tigris               49.73%    passed     10.92%
  36  Equus_caballus                49.91%    passed     13.57%
  37  Bos_taurus                    50.18%    failed      3.85%
  38  Marmota_marmota               50.44%    passed     58.38%
  39  Castor_canadensis             51.24%    passed     98.40%
  40  Mus_musculus                  53.62%    passed     83.20%
  41  Lepisosteus_oculatus          65.81%    failed      0.48%
  42  Aquila_chrysaetos             59.19%    passed      6.45%
WARNING: 26 sequences contain more than 50% gaps/ambiguity
****  TOTAL                         50.50%  8 sequences failed composition chi2 test (p-value<5%; df=19)

---> START RUN NUMBER 1 (seed: 634811)

Create initial parsimony tree by phylogenetic likelihood library (PLL)... 0.011 seconds
Generating 1000 samples for ultrafast bootstrap (seed: 634811)...
Model LG+C60+F+G is alias for LG+POISSON+G+FMIX{C60pi1:1:0.0169698865,C60pi2:1:0.0211683374,C60pi3:1:0.0276589079,C60pi4:1:0.0065675964,C60pi5:1:0.0141221416,C60pi6:1:0.0068774834,C60pi7:1:0.0146909701,C60pi8:1:0.0067225777,C60pi9:1:0.0018396660,C60pi10:1:0.0102547197,C60pi11:1:0.0230896163,C60pi12:1:0.0057941033,C60pi13:1:0.0125394534,C60pi14:1:0.0204526478,C60pi15:1:0.0070629602,C60pi16:1:0.0117982741,C60pi17:1:0.0068334668,C60pi18:1:0.0433775839,C60pi19:1:0.0318278731,C60pi20:1:0.0222546108,C60pi21:1:0.0102264969,C60pi22:1:0.0150545891,C60pi23:1:0.0134159878,C60pi24:1:0.0148552065,C60pi25:1:0.0239111516,C60pi26:1:0.0128776278,C60pi27:1:0.0222318842,C60pi28:1:0.0247444742,C60pi29:1:0.0214274810,C60pi30:1:0.0115001882,C60pi31:1:0.0076017389,C60pi32:1:0.0130258568,C60pi33:1:0.0093701965,C60pi34:1:0.0467194264,C60pi35:1:0.0441940314,C60pi36:1:0.0322263154,C60pi37:1:0.0402999891,C60pi38:1:0.0150234227,C60pi39:1:0.0104589903,C60pi40:1:0.0214742395,C60pi41:1:0.0154957836,C60pi42:1:0.0101789953,C60pi43:1:0.0227980379,C60pi44:1:0.0123204539,C60pi45:1:0.0066777583,C60pi46:1:0.0004150083,C60pi47:1:0.0344385130,C60pi48:1:0.0113663379,C60pi49:1:0.0127143049,C60pi50:1:0.0124323741,C60pi51:1:0.0262124415,C60pi52:1:0.0064994957,C60pi53:1:0.0103203293,C60pi54:1:0.0142463512,C60pi55:1:0.0215600067,C60pi56:1:0.0199150700,C60pi57:1:0.0038964200,C60pi58:1:0.0113448855,C60pi59:1:0.0128595846,C60pi60:1:0.0117656776}+F+G

NOTE: 1308 MB RAM (1 GB) is required!
Measuring multi-threading efficiency up to 28 CPU cores
5 trees examined
Threads: 1 / Time: 32.978 sec / Speedup: 1.000 / Efficiency: 100% / LogL: -31460
Threads: 2 / Time: 16.078 sec / Speedup: 2.051 / Efficiency: 103% / LogL: -31460
Threads: 3 / Time: 11.204 sec / Speedup: 2.943 / Efficiency: 98% / LogL: -31460
Threads: 4 / Time: 8.625 sec / Speedup: 3.823 / Efficiency: 96% / LogL: -31460
Threads: 5 / Time: 7.178 sec / Speedup: 4.594 / Efficiency: 92% / LogL: -31460
Threads: 6 / Time: 6.580 sec / Speedup: 5.012 / Efficiency: 84% / LogL: -31460
Threads: 7 / Time: 6.051 sec / Speedup: 5.450 / Efficiency: 78% / LogL: -31460
Threads: 8 / Time: 5.502 sec / Speedup: 5.994 / Efficiency: 75% / LogL: -31460
Threads: 9 / Time: 5.269 sec / Speedup: 6.259 / Efficiency: 70% / LogL: -31460
Threads: 10 / Time: 4.928 sec / Speedup: 6.691 / Efficiency: 67% / LogL: -31460
Threads: 11 / Time: 4.837 sec / Speedup: 6.817 / Efficiency: 62% / LogL: -31460
Threads: 12 / Time: 4.686 sec / Speedup: 7.037 / Efficiency: 59% / LogL: -31460
Threads: 13 / Time: 4.585 sec / Speedup: 7.193 / Efficiency: 55% / LogL: -31460
Threads: 14 / Time: 4.557 sec / Speedup: 7.237 / Efficiency: 52% / LogL: -31460
Threads: 15 / Time: 4.474 sec / Speedup: 7.371 / Efficiency: 49% / LogL: -31460
BEST NUMBER OF THREADS: 13

Estimate model parameters (epsilon = 0.100)
1. Initial log-likelihood: -22825.612
2. Current log-likelihood: -21363.485
3. Current log-likelihood: -21354.477
Optimal log-likelihood: -21354.394
Mixture weights: 0.682 0.000 0.000 0.000 0.000 0.000 0.000 0.000 0.000 0.000 0.000 0.000 0.000 0.006 0.000 0.000 0.014 0.065 0.000 0.001 0.005 0.000 0.008 0.005 0.000 0.000 0.004 0.002 0.000 0.000 0.025 0.000 0.000 0.000 0.000 0.000 0.000 0.000 0.008 0.000 0.000 0.000 0.000 0.000 0.044 0.010 0.012 0.000 0.003 0.000 0.042 0.002 0.000 0.000 0.002 0.038 0.000 0.001 0.019 0.000 0.000
Gamma shape alpha: 0.616
Parameters optimization took 3 rounds (10.194 sec)
WARNING: The mixture model might be overfitting because some mixture weights are estimated close to zero
Computing ML distances based on estimated model parameters... 0.891 sec
Computing BIONJ tree...
0.002 seconds
Log-likelihood of BIONJ tree: -21764.488
--------------------------------------------------------------------
|             INITIALIZING CANDIDATE TREE SET                      |
--------------------------------------------------------------------
Generating 98 parsimony trees... 0.948 second
Computing log-likelihood of 98 initial trees ... 165.425 seconds
Current best score: -21354.394

Do NNI search on 20 best initial trees
Estimate model parameters (epsilon = 0.100)
WARNING: The mixture model might be overfitting because some mixture weights are estimated close to zero
BETTER TREE FOUND at iteration 1: -21325.424
Iteration 10 / LogL: -21325.814 / Time: 0h:7m:37s
Estimate model parameters (epsilon = 0.100)
WARNING: The mixture model might be overfitting because some mixture weights are estimated close to zero
UPDATE BEST LOG-LIKELIHOOD: -21325.057
Iteration 20 / LogL: -21325.363 / Time: 0h:9m:53s
Finish initializing candidate tree set (2)
Current best tree score: -21325.057 / CPU time: 447.356
Number of iterations: 20
--------------------------------------------------------------------
|               OPTIMIZING CANDIDATE TREE SET                      |
--------------------------------------------------------------------
Estimate model parameters (epsilon = 0.100)
WARNING: The mixture model might be overfitting because some mixture weights are estimated close to zero
BETTER TREE FOUND at iteration 21: -21320.798
Estimate model parameters (epsilon = 0.100)
WARNING: The mixture model might be overfitting because some mixture weights are estimated close to zero
BETTER TREE FOUND at iteration 24: -21320.075
Estimate model parameters (epsilon = 0.100)
WARNING: The mixture model might be overfitting because some mixture weights are estimated close to zero
BETTER TREE FOUND at iteration 29: -21319.750
Iteration 30 / LogL: -21320.839 / Time: 0h:12m:45s (0h:43m:33s left)
Iteration 40 / LogL: -21320.647 / Time: 0h:15m:33s (0h:35m:30s left)
Iteration 50 / LogL: -21319.908 / Time: 0h:18m:1s (0h:29m:3s left)
Iteration 60 / LogL: -21319.898 / Time: 0h:21m:1s (0h:24m:34s left)
Iteration 70 / LogL: -21322.556 / Time: 0h:23m:29s (0h:20m:5s left)
Iteration 80 / LogL: -21323.018 / Time: 0h:26m:42s (0h:16m:34s left)
Iteration 90 / LogL: -21333.901 / Time: 0h:29m:21s (0h:12m:51s left)
Iteration 100 / LogL: -21319.930 / Time: 0h:32m:5s (0h:9m:24s left)
Iteration 110 / LogL: -21319.938 / Time: 0h:34m:51s (0h:6m:4s left)
Iteration 120 / LogL: -21362.068 / Time: 0h:37m:16s (0h:2m:49s left)
Iteration 130 / LogL: -21319.915 / Time: 0h:39m:57s (0h:0m:-19s left)
Refining ufboot trees with NNI 1 branch...
100 samples done
200 samples done
300 samples done
400 samples done
500 samples done
600 samples done
700 samples done
800 samples done
900 samples done
1000 samples done
Total 989 ufboot trees refined
TREE SEARCH COMPLETED AFTER 130 ITERATIONS / Time: 1h:33m:21s

--------------------------------------------------------------------
|                    FINALIZING TREE SEARCH                        |
--------------------------------------------------------------------
Performs final model parameters optimization
Estimate model parameters (epsilon = 0.010)
1. Initial log-likelihood: -21319.750
Optimal log-likelihood: -21319.747
Mixture weights: 0.674 0.000 0.000 0.000 0.000 0.000 0.000 0.000 0.000 0.000 0.000 0.000 0.000 0.007 0.000 0.000 0.015 0.062 0.000 0.000 0.005 0.000 0.010 0.007 0.000 0.000 0.002 0.004 0.000 0.000 0.025 0.000 0.000 0.000 0.000 0.000 0.000 0.006 0.006 0.000 0.000 0.000 0.001 0.000 0.046 0.011 0.013 0.000 0.001 0.000 0.045 0.002 0.000 0.000 0.000 0.042 0.000 0.000 0.016 0.000 0.000
Gamma shape alpha: 0.613
Parameters optimization took 1 rounds (2.348 sec)
WARNING: The mixture model might be overfitting because some mixture weights are estimated close to zero
BEST SCORE FOUND : -21319.747
Creating bootstrap support values...
Split supports printed to NEXUS file ultimateznf648.fa.splits.nex
Total tree length: 15.410

Total number of iterations: 130
CPU time used for tree search: 70075.058 sec (19h:27m:55s)
Wall-clock time used for tree search: 5455.514 sec (1h:30m:55s)
Total CPU time used: 71031.149 sec (19h:43m:51s)
Total wall-clock time used: 5603.964 sec (1h:33m:23s)
UFBoot trees printed to ultimateznf648.fa.ufboot

Computing bootstrap consensus tree...
Reading input file ultimateznf648.fa.splits.nex...
42 taxa and 236 splits.
Consensus tree written to ultimateznf648.fa.contree
Reading input trees file ultimateznf648.fa.contree
Log-likelihood of consensus tree: -21319.869

---> START RUN NUMBER 2 (seed: 635811)

Create initial parsimony tree by phylogenetic likelihood library (PLL)... 0.006 seconds
Generating 1000 samples for ultrafast bootstrap (seed: 635811)...
Model LG+C60+F+G is alias for LG+POISSON+G+FMIX{C60pi1:1:0.0169698865,C60pi2:1:0.0211683374,C60pi3:1:0.0276589079,C60pi4:1:0.0065675964,C60pi5:1:0.0141221416,C60pi6:1:0.0068774834,C60pi7:1:0.0146909701,C60pi8:1:0.0067225777,C60pi9:1:0.0018396660,C60pi10:1:0.0102547197,C60pi11:1:0.0230896163,C60pi12:1:0.0057941033,C60pi13:1:0.0125394534,C60pi14:1:0.0204526478,C60pi15:1:0.0070629602,C60pi16:1:0.0117982741,C60pi17:1:0.0068334668,C60pi18:1:0.0433775839,C60pi19:1:0.0318278731,C60pi20:1:0.0222546108,C60pi21:1:0.0102264969,C60pi22:1:0.0150545891,C60pi23:1:0.0134159878,C60pi24:1:0.0148552065,C60pi25:1:0.0239111516,C60pi26:1:0.0128776278,C60pi27:1:0.0222318842,C60pi28:1:0.0247444742,C60pi29:1:0.0214274810,C60pi30:1:0.0115001882,C60pi31:1:0.0076017389,C60pi32:1:0.0130258568,C60pi33:1:0.0093701965,C60pi34:1:0.0467194264,C60pi35:1:0.0441940314,C60pi36:1:0.0322263154,C60pi37:1:0.0402999891,C60pi38:1:0.0150234227,C60pi39:1:0.0104589903,C60pi40:1:0.0214742395,C60pi41:1:0.0154957836,C60pi42:1:0.0101789953,C60pi43:1:0.0227980379,C60pi44:1:0.0123204539,C60pi45:1:0.0066777583,C60pi46:1:0.0004150083,C60pi47:1:0.0344385130,C60pi48:1:0.0113663379,C60pi49:1:0.0127143049,C60pi50:1:0.0124323741,C60pi51:1:0.0262124415,C60pi52:1:0.0064994957,C60pi53:1:0.0103203293,C60pi54:1:0.0142463512,C60pi55:1:0.0215600067,C60pi56:1:0.0199150700,C60pi57:1:0.0038964200,C60pi58:1:0.0113448855,C60pi59:1:0.0128595846,C60pi60:1:0.0117656776}+F+G

NOTE: 1308 MB RAM (1 GB) is required!
Estimate model parameters (epsilon = 0.100)
1. Initial log-likelihood: -22801.246
2. Current log-likelihood: -21364.173
3. Current log-likelihood: -21355.933
Optimal log-likelihood: -21355.844
Mixture weights: 0.680 0.000 0.000 0.000 0.000 0.000 0.000 0.000 0.000 0.000 0.000 0.000 0.000 0.007 0.000 0.000 0.013 0.066 0.000 0.000 0.005 0.000 0.010 0.006 0.000 0.000 0.003 0.002 0.000 0.000 0.022 0.000 0.000 0.000 0.000 0.000 0.000 0.000 0.011 0.000 0.000 0.000 0.000 0.000 0.044 0.013 0.012 0.000 0.000 0.000 0.044 0.002 0.000 0.000 0.001 0.039 0.000 0.001 0.018 0.000 0.000
Gamma shape alpha: 0.616
Parameters optimization took 3 rounds (10.140 sec)
WARNING: The mixture model might be overfitting because some mixture weights are estimated close to zero
Computing ML distances based on estimated model parameters... 0.964 sec
Computing BIONJ tree...
0.001 seconds
Log-likelihood of BIONJ tree: -21764.334
--------------------------------------------------------------------
|             INITIALIZING CANDIDATE TREE SET                      |
--------------------------------------------------------------------
Generating 98 parsimony trees... 0.895 second
Computing log-likelihood of 98 initial trees ... 152.124 seconds
Current best score: -21355.844

Do NNI search on 20 best initial trees
Estimate model parameters (epsilon = 0.100)
WARNING: The mixture model might be overfitting because some mixture weights are estimated close to zero
BETTER TREE FOUND at iteration 1: -21325.213
Iteration 10 / LogL: -21325.938 / Time: 0h:4m:57s
Iteration 20 / LogL: -21325.519 / Time: 0h:6m:57s
Finish initializing candidate tree set (2)
Current best tree score: -21325.213 / CPU time: 400.943
Number of iterations: 20
--------------------------------------------------------------------
|               OPTIMIZING CANDIDATE TREE SET                      |
--------------------------------------------------------------------
Iteration 30 / LogL: -21325.731 / Time: 0h:9m:39s (0h:23m:39s left)
Estimate model parameters (epsilon = 0.100)
WARNING: The mixture model might be overfitting because some mixture weights are estimated close to zero
BETTER TREE FOUND at iteration 33: -21323.701
Iteration 40 / LogL: -21325.202 / Time: 0h:12m:12s (0h:29m:5s left)
Estimate model parameters (epsilon = 0.100)
WARNING: The mixture model might be overfitting because some mixture weights are estimated close to zero
BETTER TREE FOUND at iteration 44: -21321.042
Iteration 50 / LogL: -21325.818 / Time: 0h:15m:0s (0h:28m:46s left)
Estimate model parameters (epsilon = 0.100)
WARNING: The mixture model might be overfitting because some mixture weights are estimated close to zero
BETTER TREE FOUND at iteration 59: -21320.175
Iteration 60 / LogL: -21325.587 / Time: 0h:18m:6s (0h:30m:22s left)
Estimate model parameters (epsilon = 0.100)
WARNING: The mixture model might be overfitting because some mixture weights are estimated close to zero
BETTER TREE FOUND at iteration 70: -21319.916
Iteration 70 / LogL: -21319.916 / Time: 0h:20m:38s (0h:29m:54s left)
Iteration 80 / LogL: -21323.809 / Time: 0h:23m:13s (0h:26m:27s left)
Iteration 90 / LogL: -21321.702 / Time: 0h:25m:47s (0h:23m:10s left)
Iteration 100 / LogL: -21324.495 / Time: 0h:28m:22s (0h:20m:3s left)
Iteration 110 / LogL: -21320.339 / Time: 0h:31m:6s (0h:17m:7s left)
Iteration 120 / LogL: -21320.940 / Time: 0h:33m:48s (0h:14m:12s left)
Iteration 130 / LogL: -21322.714 / Time: 0h:36m:33s (0h:11m:20s left)
Iteration 140 / LogL: -21320.588 / Time: 0h:39m:11s (0h:8m:27s left)
Iteration 150 / LogL: -21320.851 / Time: 0h:41m:44s (0h:5m:36s left)
Iteration 160 / LogL: -21320.007 / Time: 0h:44m:4s (0h:2m:46s left)
Iteration 170 / LogL: -21320.867 / Time: 0h:46m:49s (0h:0m:0s left)
Refining ufboot trees with NNI 1 branch...
100 samples done
200 samples done
300 samples done
400 samples done
500 samples done
600 samples done
700 samples done
800 samples done
900 samples done
1000 samples done
Total 984 ufboot trees refined
TREE SEARCH COMPLETED AFTER 171 ITERATIONS / Time: 1h:40m:34s

--------------------------------------------------------------------
|                    FINALIZING TREE SEARCH                        |
--------------------------------------------------------------------
Performs final model parameters optimization
Estimate model parameters (epsilon = 0.010)
1. Initial log-likelihood: -21319.916
Optimal log-likelihood: -21319.912
Mixture weights: 0.675 0.000 0.000 0.000 0.000 0.000 0.000 0.000 0.000 0.000 0.000 0.000 0.000 0.006 0.000 0.000 0.013 0.062 0.000 0.000 0.005 0.000 0.010 0.007 0.000 0.000 0.002 0.002 0.000 0.000 0.025 0.000 0.000 0.000 0.000 0.000 0.000 0.006 0.009 0.000 0.000 0.000 0.001 0.000 0.046 0.010 0.013 0.000 0.001 0.000 0.045 0.002 0.000 0.000 0.000 0.041 0.000 0.000 0.019 0.000 0.000
Gamma shape alpha: 0.613
Parameters optimization took 1 rounds (2.332 sec)
WARNING: The mixture model might be overfitting because some mixture weights are estimated close to zero
BEST SCORE FOUND : -21319.912
Creating bootstrap support values...
Split supports printed to NEXUS file ultimateznf648.fa.splits.nex
Total tree length: 15.278

Total number of iterations: 171
CPU time used for tree search: 77072.766 sec (21h:24m:32s)
Wall-clock time used for tree search: 6016.136 sec (1h:40m:16s)
Total CPU time used: 77336.243 sec (21h:28m:56s)
Total wall-clock time used: 6036.693 sec (1h:40m:36s)
UFBoot trees printed to ultimateznf648.fa.ufboot

Computing bootstrap consensus tree...
Reading input file ultimateznf648.fa.splits.nex...
42 taxa and 241 splits.
Consensus tree written to ultimateznf648.fa.contree
Reading input trees file ultimateznf648.fa.contree
Log-likelihood of consensus tree: -21320.211

---> START RUN NUMBER 3 (seed: 636811)

Create initial parsimony tree by phylogenetic likelihood library (PLL)... 0.008 seconds
Generating 1000 samples for ultrafast bootstrap (seed: 636811)...
Model LG+C60+F+G is alias for LG+POISSON+G+FMIX{C60pi1:1:0.0169698865,C60pi2:1:0.0211683374,C60pi3:1:0.0276589079,C60pi4:1:0.0065675964,C60pi5:1:0.0141221416,C60pi6:1:0.0068774834,C60pi7:1:0.0146909701,C60pi8:1:0.0067225777,C60pi9:1:0.0018396660,C60pi10:1:0.0102547197,C60pi11:1:0.0230896163,C60pi12:1:0.0057941033,C60pi13:1:0.0125394534,C60pi14:1:0.0204526478,C60pi15:1:0.0070629602,C60pi16:1:0.0117982741,C60pi17:1:0.0068334668,C60pi18:1:0.0433775839,C60pi19:1:0.0318278731,C60pi20:1:0.0222546108,C60pi21:1:0.0102264969,C60pi22:1:0.0150545891,C60pi23:1:0.0134159878,C60pi24:1:0.0148552065,C60pi25:1:0.0239111516,C60pi26:1:0.0128776278,C60pi27:1:0.0222318842,C60pi28:1:0.0247444742,C60pi29:1:0.0214274810,C60pi30:1:0.0115001882,C60pi31:1:0.0076017389,C60pi32:1:0.0130258568,C60pi33:1:0.0093701965,C60pi34:1:0.0467194264,C60pi35:1:0.0441940314,C60pi36:1:0.0322263154,C60pi37:1:0.0402999891,C60pi38:1:0.0150234227,C60pi39:1:0.0104589903,C60pi40:1:0.0214742395,C60pi41:1:0.0154957836,C60pi42:1:0.0101789953,C60pi43:1:0.0227980379,C60pi44:1:0.0123204539,C60pi45:1:0.0066777583,C60pi46:1:0.0004150083,C60pi47:1:0.0344385130,C60pi48:1:0.0113663379,C60pi49:1:0.0127143049,C60pi50:1:0.0124323741,C60pi51:1:0.0262124415,C60pi52:1:0.0064994957,C60pi53:1:0.0103203293,C60pi54:1:0.0142463512,C60pi55:1:0.0215600067,C60pi56:1:0.0199150700,C60pi57:1:0.0038964200,C60pi58:1:0.0113448855,C60pi59:1:0.0128595846,C60pi60:1:0.0117656776}+F+G

NOTE: 1308 MB RAM (1 GB) is required!
Estimate model parameters (epsilon = 0.100)
1. Initial log-likelihood: -22806.608
2. Current log-likelihood: -21366.085
3. Current log-likelihood: -21357.797
Optimal log-likelihood: -21357.706
Mixture weights: 0.681 0.000 0.000 0.000 0.000 0.000 0.000 0.000 0.000 0.000 0.000 0.000 0.000 0.007 0.000 0.000 0.014 0.066 0.000 0.000 0.005 0.000 0.011 0.006 0.000 0.000 0.003 0.002 0.000 0.000 0.021 0.000 0.000 0.000 0.000 0.000 0.000 0.000 0.011 0.000 0.000 0.000 0.000 0.000 0.043 0.012 0.012 0.000 0.000 0.000 0.044 0.002 0.000 0.000 0.001 0.039 0.000 0.001 0.018 0.000 0.000
Gamma shape alpha: 0.616
Parameters optimization took 3 rounds (10.117 sec)
WARNING: The mixture model might be overfitting because some mixture weights are estimated close to zero
Computing ML distances based on estimated model parameters... 0.996 sec
Computing BIONJ tree...
0.002 seconds
Log-likelihood of BIONJ tree: -21764.335
--------------------------------------------------------------------
|             INITIALIZING CANDIDATE TREE SET                      |
--------------------------------------------------------------------
Generating 98 parsimony trees... 0.940 second
Computing log-likelihood of 98 initial trees ... 153.732 seconds
Current best score: -21357.706

Do NNI search on 20 best initial trees
Estimate model parameters (epsilon = 0.100)
WARNING: The mixture model might be overfitting because some mixture weights are estimated close to zero
BETTER TREE FOUND at iteration 1: -21325.257
Iteration 10 / LogL: -21325.982 / Time: 0h:4m:58s
Iteration 20 / LogL: -21325.563 / Time: 0h:6m:59s
Finish initializing candidate tree set (2)
Current best tree score: -21325.257 / CPU time: 401.502
Number of iterations: 20
--------------------------------------------------------------------
|               OPTIMIZING CANDIDATE TREE SET                      |
--------------------------------------------------------------------
Estimate model parameters (epsilon = 0.100)
WARNING: The mixture model might be overfitting because some mixture weights are estimated close to zero
BETTER TREE FOUND at iteration 22: -21323.986
Estimate model parameters (epsilon = 0.100)
WARNING: The mixture model might be overfitting because some mixture weights are estimated close to zero
BETTER TREE FOUND at iteration 30: -21322.157
Iteration 30 / LogL: -21322.157 / Time: 0h:10m:14s (0h:35m:17s left)
Estimate model parameters (epsilon = 0.100)
WARNING: The mixture model might be overfitting because some mixture weights are estimated close to zero
BETTER TREE FOUND at iteration 31: -21320.672
Estimate model parameters (epsilon = 0.100)
WARNING: The mixture model might be overfitting because some mixture weights are estimated close to zero
BETTER TREE FOUND at iteration 34: -21319.943
Iteration 40 / LogL: -21323.018 / Time: 0h:13m:27s (0h:32m:24s left)
Iteration 50 / LogL: -21325.435 / Time: 0h:16m:10s (0h:27m:43s left)
Iteration 60 / LogL: -21325.009 / Time: 0h:18m:49s (0h:23m:36s left)
Iteration 70 / LogL: -21320.878 / Time: 0h:21m:6s (0h:19m:34s left)
Iteration 80 / LogL: -21321.188 / Time: 0h:23m:59s (0h:16m:23s left)
Iteration 90 / LogL: -21320.342 / Time: 0h:26m:47s (0h:13m:14s left)
Iteration 100 / LogL: -21326.667 / Time: 0h:29m:26s (0h:10m:6s left)
Iteration 110 / LogL: -21324.381 / Time: 0h:32m:23s (0h:7m:7s left)
Iteration 120 / LogL: -21319.996 / Time: 0h:35m:1s (0h:4m:7s left)
Iteration 130 / LogL: -21321.191 / Time: 0h:38m:0s (0h:1m:10s left)
Refining ufboot trees with NNI 1 branch...
100 samples done
200 samples done
300 samples done
400 samples done
500 samples done
600 samples done
700 samples done
800 samples done
900 samples done
1000 samples done
Total 978 ufboot trees refined
TREE SEARCH COMPLETED AFTER 135 ITERATIONS / Time: 1h:32m:41s

--------------------------------------------------------------------
|                    FINALIZING TREE SEARCH                        |
--------------------------------------------------------------------
Performs final model parameters optimization
Estimate model parameters (epsilon = 0.010)
1. Initial log-likelihood: -21319.943
Optimal log-likelihood: -21319.939
Mixture weights: 0.675 0.000 0.000 0.000 0.000 0.000 0.000 0.000 0.000 0.000 0.000 0.000 0.000 0.007 0.000 0.000 0.013 0.062 0.000 0.000 0.005 0.000 0.011 0.007 0.000 0.000 0.001 0.001 0.000 0.000 0.024 0.000 0.000 0.000 0.000 0.000 0.000 0.005 0.010 0.000 0.000 0.000 0.001 0.000 0.048 0.011 0.013 0.000 0.001 0.000 0.045 0.002 0.000 0.000 0.000 0.040 0.000 0.000 0.019 0.000 0.000
Gamma shape alpha: 0.613
Parameters optimization took 1 rounds (2.291 sec)
WARNING: The mixture model might be overfitting because some mixture weights are estimated close to zero
BEST SCORE FOUND : -21319.939
Creating bootstrap support values...
Split supports printed to NEXUS file ultimateznf648.fa.splits.nex
Total tree length: 15.355

Total number of iterations: 135
CPU time used for tree search: 70745.369 sec (19h:39m:5s)
Wall-clock time used for tree search: 5542.986 sec (1h:32m:22s)
Total CPU time used: 71011.089 sec (19h:43m:31s)
Total wall-clock time used: 5563.890 sec (1h:32m:43s)
UFBoot trees printed to ultimateznf648.fa.ufboot

Computing bootstrap consensus tree...
Reading input file ultimateznf648.fa.splits.nex...
42 taxa and 246 splits.
Consensus tree written to ultimateznf648.fa.contree
Reading input trees file ultimateznf648.fa.contree
Log-likelihood of consensus tree: -21321.652

---> START RUN NUMBER 4 (seed: 637811)

Create initial parsimony tree by phylogenetic likelihood library (PLL)... 0.006 seconds
Generating 1000 samples for ultrafast bootstrap (seed: 637811)...
Model LG+C60+F+G is alias for LG+POISSON+G+FMIX{C60pi1:1:0.0169698865,C60pi2:1:0.0211683374,C60pi3:1:0.0276589079,C60pi4:1:0.0065675964,C60pi5:1:0.0141221416,C60pi6:1:0.0068774834,C60pi7:1:0.0146909701,C60pi8:1:0.0067225777,C60pi9:1:0.0018396660,C60pi10:1:0.0102547197,C60pi11:1:0.0230896163,C60pi12:1:0.0057941033,C60pi13:1:0.0125394534,C60pi14:1:0.0204526478,C60pi15:1:0.0070629602,C60pi16:1:0.0117982741,C60pi17:1:0.0068334668,C60pi18:1:0.0433775839,C60pi19:1:0.0318278731,C60pi20:1:0.0222546108,C60pi21:1:0.0102264969,C60pi22:1:0.0150545891,C60pi23:1:0.0134159878,C60pi24:1:0.0148552065,C60pi25:1:0.0239111516,C60pi26:1:0.0128776278,C60pi27:1:0.0222318842,C60pi28:1:0.0247444742,C60pi29:1:0.0214274810,C60pi30:1:0.0115001882,C60pi31:1:0.0076017389,C60pi32:1:0.0130258568,C60pi33:1:0.0093701965,C60pi34:1:0.0467194264,C60pi35:1:0.0441940314,C60pi36:1:0.0322263154,C60pi37:1:0.0402999891,C60pi38:1:0.0150234227,C60pi39:1:0.0104589903,C60pi40:1:0.0214742395,C60pi41:1:0.0154957836,C60pi42:1:0.0101789953,C60pi43:1:0.0227980379,C60pi44:1:0.0123204539,C60pi45:1:0.0066777583,C60pi46:1:0.0004150083,C60pi47:1:0.0344385130,C60pi48:1:0.0113663379,C60pi49:1:0.0127143049,C60pi50:1:0.0124323741,C60pi51:1:0.0262124415,C60pi52:1:0.0064994957,C60pi53:1:0.0103203293,C60pi54:1:0.0142463512,C60pi55:1:0.0215600067,C60pi56:1:0.0199150700,C60pi57:1:0.0038964200,C60pi58:1:0.0113448855,C60pi59:1:0.0128595846,C60pi60:1:0.0117656776}+F+G

NOTE: 1308 MB RAM (1 GB) is required!
Estimate model parameters (epsilon = 0.100)
1. Initial log-likelihood: -22807.248
2. Current log-likelihood: -21365.931
3. Current log-likelihood: -21357.708
Optimal log-likelihood: -21357.617
Mixture weights: 0.682 0.000 0.000 0.000 0.000 0.000 0.000 0.000 0.000 0.000 0.000 0.000 0.000 0.007 0.000 0.000 0.014 0.066 0.000 0.000 0.005 0.000 0.011 0.006 0.000 0.000 0.003 0.002 0.000 0.000 0.021 0.000 0.000 0.000 0.000 0.000 0.000 0.000 0.011 0.000 0.000 0.000 0.000 0.000 0.043 0.012 0.012 0.000 0.000 0.000 0.045 0.002 0.000 0.000 0.001 0.038 0.000 0.001 0.018 0.000 0.000
Gamma shape alpha: 0.616
Parameters optimization took 3 rounds (10.376 sec)
WARNING: The mixture model might be overfitting because some mixture weights are estimated close to zero
Computing ML distances based on estimated model parameters... 1.011 sec
Computing BIONJ tree...
0.001 seconds
Log-likelihood of BIONJ tree: -21764.416
--------------------------------------------------------------------
|             INITIALIZING CANDIDATE TREE SET                      |
--------------------------------------------------------------------
Generating 98 parsimony trees... 0.906 second
Computing log-likelihood of 98 initial trees ... 152.391 seconds
Current best score: -21357.617

Do NNI search on 20 best initial trees
Estimate model parameters (epsilon = 0.100)
WARNING: The mixture model might be overfitting because some mixture weights are estimated close to zero
BETTER TREE FOUND at iteration 1: -21325.259
Iteration 10 / LogL: -21325.562 / Time: 0h:4m:56s
Iteration 20 / LogL: -21325.868 / Time: 0h:6m:59s
Finish initializing candidate tree set (2)
Current best tree score: -21325.259 / CPU time: 401.625
Number of iterations: 20
--------------------------------------------------------------------
|               OPTIMIZING CANDIDATE TREE SET                      |
--------------------------------------------------------------------
Estimate model parameters (epsilon = 0.100)
WARNING: The mixture model might be overfitting because some mixture weights are estimated close to zero
BETTER TREE FOUND at iteration 29: -21320.674
Iteration 30 / LogL: -21321.338 / Time: 0h:9m:47s (0h:33m:23s left)
Iteration 40 / LogL: -21322.634 / Time: 0h:12m:24s (0h:28m:17s left)
Estimate model parameters (epsilon = 0.100)
WARNING: The mixture model might be overfitting because some mixture weights are estimated close to zero
BETTER TREE FOUND at iteration 45: -21319.912
Iteration 50 / LogL: -21326.284 / Time: 0h:15m:15s (0h:29m:32s left)
Iteration 60 / LogL: -21322.115 / Time: 0h:17m:46s (0h:25m:35s left)
Iteration 70 / LogL: -21322.834 / Time: 0h:20m:39s (0h:22m:26s left)
Iteration 80 / LogL: -21324.556 / Time: 0h:23m:17s (0h:19m:9s left)
Iteration 90 / LogL: -21320.262 / Time: 0h:25m:46s (0h:15m:55s left)
Iteration 100 / LogL: -21325.959 / Time: 0h:28m:29s (0h:12m:56s left)
Iteration 110 / LogL: -21320.173 / Time: 0h:31m:12s (0h:10m:1s left)
Iteration 120 / LogL: -21320.369 / Time: 0h:33m:51s (0h:7m:6s left)
Iteration 130 / LogL: -21320.946 / Time: 0h:36m:41s (0h:4m:15s left)
Iteration 140 / LogL: -21329.768 / Time: 0h:39m:26s (0h:1m:25s left)
Refining ufboot trees with NNI 1 branch...
100 samples done
200 samples done
300 samples done
400 samples done
500 samples done
600 samples done
700 samples done
800 samples done
900 samples done
1000 samples done
Total 987 ufboot trees refined
TREE SEARCH COMPLETED AFTER 146 ITERATIONS / Time: 1h:34m:56s

--------------------------------------------------------------------
|                    FINALIZING TREE SEARCH                        |
--------------------------------------------------------------------
Performs final model parameters optimization
Estimate model parameters (epsilon = 0.010)
1. Initial log-likelihood: -21319.912
Optimal log-likelihood: -21319.908
Mixture weights: 0.675 0.000 0.000 0.000 0.000 0.000 0.000 0.000 0.000 0.000 0.000 0.000 0.000 0.006 0.000 0.000 0.013 0.062 0.000 0.000 0.005 0.000 0.010 0.007 0.000 0.000 0.002 0.002 0.000 0.000 0.025 0.000 0.000 0.000 0.000 0.000 0.000 0.005 0.009 0.000 0.000 0.000 0.000 0.000 0.047 0.011 0.013 0.000 0.001 0.000 0.045 0.002 0.000 0.000 0.000 0.041 0.000 0.000 0.019 0.000 0.000
Gamma shape alpha: 0.613
Parameters optimization took 1 rounds (2.415 sec)
WARNING: The mixture model might be overfitting because some mixture weights are estimated close to zero
BEST SCORE FOUND : -21319.908
Creating bootstrap support values...
Split supports printed to NEXUS file ultimateznf648.fa.splits.nex
Total tree length: 15.275

Total number of iterations: 146
CPU time used for tree search: 72251.257 sec (20h:4m:11s)
Wall-clock time used for tree search: 5678.074 sec (1h:34m:38s)
Total CPU time used: 72520.903 sec (20h:8m:40s)
Total wall-clock time used: 5699.534 sec (1h:34m:59s)
UFBoot trees printed to ultimateznf648.fa.ufboot

Computing bootstrap consensus tree...
Reading input file ultimateznf648.fa.splits.nex...
42 taxa and 233 splits.
Consensus tree written to ultimateznf648.fa.contree
Reading input trees file ultimateznf648.fa.contree
Log-likelihood of consensus tree: -21320.123

---> START RUN NUMBER 5 (seed: 638811)

Create initial parsimony tree by phylogenetic likelihood library (PLL)... 0.008 seconds
Generating 1000 samples for ultrafast bootstrap (seed: 638811)...
Model LG+C60+F+G is alias for LG+POISSON+G+FMIX{C60pi1:1:0.0169698865,C60pi2:1:0.0211683374,C60pi3:1:0.0276589079,C60pi4:1:0.0065675964,C60pi5:1:0.0141221416,C60pi6:1:0.0068774834,C60pi7:1:0.0146909701,C60pi8:1:0.0067225777,C60pi9:1:0.0018396660,C60pi10:1:0.0102547197,C60pi11:1:0.0230896163,C60pi12:1:0.0057941033,C60pi13:1:0.0125394534,C60pi14:1:0.0204526478,C60pi15:1:0.0070629602,C60pi16:1:0.0117982741,C60pi17:1:0.0068334668,C60pi18:1:0.0433775839,C60pi19:1:0.0318278731,C60pi20:1:0.0222546108,C60pi21:1:0.0102264969,C60pi22:1:0.0150545891,C60pi23:1:0.0134159878,C60pi24:1:0.0148552065,C60pi25:1:0.0239111516,C60pi26:1:0.0128776278,C60pi27:1:0.0222318842,C60pi28:1:0.0247444742,C60pi29:1:0.0214274810,C60pi30:1:0.0115001882,C60pi31:1:0.0076017389,C60pi32:1:0.0130258568,C60pi33:1:0.0093701965,C60pi34:1:0.0467194264,C60pi35:1:0.0441940314,C60pi36:1:0.0322263154,C60pi37:1:0.0402999891,C60pi38:1:0.0150234227,C60pi39:1:0.0104589903,C60pi40:1:0.0214742395,C60pi41:1:0.0154957836,C60pi42:1:0.0101789953,C60pi43:1:0.0227980379,C60pi44:1:0.0123204539,C60pi45:1:0.0066777583,C60pi46:1:0.0004150083,C60pi47:1:0.0344385130,C60pi48:1:0.0113663379,C60pi49:1:0.0127143049,C60pi50:1:0.0124323741,C60pi51:1:0.0262124415,C60pi52:1:0.0064994957,C60pi53:1:0.0103203293,C60pi54:1:0.0142463512,C60pi55:1:0.0215600067,C60pi56:1:0.0199150700,C60pi57:1:0.0038964200,C60pi58:1:0.0113448855,C60pi59:1:0.0128595846,C60pi60:1:0.0117656776}+F+G

NOTE: 1308 MB RAM (1 GB) is required!
Estimate model parameters (epsilon = 0.100)
1. Initial log-likelihood: -22798.993
2. Current log-likelihood: -21362.054
3. Current log-likelihood: -21354.043
Optimal log-likelihood: -21353.954
Mixture weights: 0.681 0.000 0.000 0.000 0.000 0.000 0.000 0.000 0.000 0.000 0.000 0.000 0.000 0.007 0.000 0.000 0.013 0.066 0.000 0.000 0.005 0.000 0.010 0.006 0.000 0.000 0.003 0.002 0.000 0.000 0.021 0.000 0.000 0.000 0.000 0.000 0.000 0.000 0.011 0.000 0.000 0.000 0.000 0.000 0.044 0.013 0.012 0.000 0.000 0.000 0.044 0.002 0.000 0.000 0.001 0.039 0.000 0.001 0.018 0.000 0.000
Gamma shape alpha: 0.617
Parameters optimization took 3 rounds (10.542 sec)
WARNING: The mixture model might be overfitting because some mixture weights are estimated close to zero
Computing ML distances based on estimated model parameters... 1.000 sec
Computing BIONJ tree...
0.001 seconds
Log-likelihood of BIONJ tree: -21764.405
--------------------------------------------------------------------
|             INITIALIZING CANDIDATE TREE SET                      |
--------------------------------------------------------------------
Generating 98 parsimony trees... 0.898 second
Computing log-likelihood of 98 initial trees ... 158.464 seconds
Current best score: -21353.954

Do NNI search on 20 best initial trees
Estimate model parameters (epsilon = 0.100)
WARNING: The mixture model might be overfitting because some mixture weights are estimated close to zero
BETTER TREE FOUND at iteration 1: -21325.235
Iteration 10 / LogL: -21325.960 / Time: 0h:5m:7s
Iteration 20 / LogL: -21331.813 / Time: 0h:7m:8s
Finish initializing candidate tree set (3)
Current best tree score: -21325.235 / CPU time: 410.101
Number of iterations: 20
--------------------------------------------------------------------
|               OPTIMIZING CANDIDATE TREE SET                      |
--------------------------------------------------------------------
Estimate model parameters (epsilon = 0.100)
WARNING: The mixture model might be overfitting because some mixture weights are estimated close to zero
BETTER TREE FOUND at iteration 21: -21321.567
Estimate model parameters (epsilon = 0.100)
WARNING: The mixture model might be overfitting because some mixture weights are estimated close to zero
UPDATE BEST LOG-LIKELIHOOD: -21320.673
Iteration 30 / LogL: -21326.486 / Time: 0h:10m:0s (0h:31m:22s left)
Iteration 40 / LogL: -21320.997 / Time: 0h:12m:41s (0h:26m:19s left)
Iteration 50 / LogL: -21320.962 / Time: 0h:15m:32s (0h:22m:30s left)
Iteration 60 / LogL: -21320.977 / Time: 0h:18m:8s (0h:18m:43s left)
Iteration 70 / LogL: -21320.947 / Time: 0h:20m:50s (0h:15m:23s left)
Estimate model parameters (epsilon = 0.100)
WARNING: The mixture model might be overfitting because some mixture weights are estimated close to zero
BETTER TREE FOUND at iteration 76: -21319.951
Iteration 80 / LogL: -21322.831 / Time: 0h:23m:23s (0h:28m:23s left)
Iteration 90 / LogL: -21320.773 / Time: 0h:26m:12s (0h:25m:18s left)
Iteration 100 / LogL: -21323.094 / Time: 0h:29m:2s (0h:22m:17s left)
Iteration 110 / LogL: -21325.427 / Time: 0h:31m:31s (0h:19m:4s left)
Iteration 120 / LogL: -21320.467 / Time: 0h:33m:55s (0h:15m:57s left)
Iteration 130 / LogL: -21320.836 / Time: 0h:36m:38s (0h:13m:3s left)
Iteration 140 / LogL: -21320.088 / Time: 0h:39m:27s (0h:10m:12s left)
Iteration 150 / LogL: -21320.691 / Time: 0h:42m:20s (0h:7m:23s left)
Iteration 160 / LogL: -21360.405 / Time: 0h:45m:11s (0h:4m:32s left)
Iteration 170 / LogL: -21325.407 / Time: 0h:47m:54s (0h:1m:42s left)
Refining ufboot trees with NNI 1 branch...
100 samples done
200 samples done
300 samples done
400 samples done
500 samples done
600 samples done
700 samples done
800 samples done
900 samples done
1000 samples done
Total 976 ufboot trees refined
TREE SEARCH COMPLETED AFTER 177 ITERATIONS / Time: 1h:44m:39s

--------------------------------------------------------------------
|                    FINALIZING TREE SEARCH                        |
--------------------------------------------------------------------
Performs final model parameters optimization
Estimate model parameters (epsilon = 0.010)
1. Initial log-likelihood: -21319.951
Optimal log-likelihood: -21319.948
Mixture weights: 0.675 0.000 0.000 0.000 0.000 0.000 0.000 0.000 0.000 0.000 0.000 0.000 0.000 0.007 0.000 0.000 0.012 0.062 0.000 0.000 0.005 0.000 0.010 0.007 0.000 0.000 0.001 0.001 0.000 0.000 0.024 0.000 0.000 0.000 0.000 0.000 0.000 0.005 0.010 0.000 0.000 0.000 0.000 0.000 0.048 0.011 0.013 0.000 0.001 0.000 0.045 0.002 0.000 0.000 0.000 0.040 0.000 0.000 0.019 0.000 0.000
Gamma shape alpha: 0.613
Parameters optimization took 1 rounds (2.309 sec)
WARNING: The mixture model might be overfitting because some mixture weights are estimated close to zero
BEST SCORE FOUND : -21319.948
Creating bootstrap support values...
Split supports printed to NEXUS file ultimateznf648.fa.splits.nex
Total tree length: 15.346

Total number of iterations: 177
CPU time used for tree search: 79435.683 sec (22h:3m:55s)
Wall-clock time used for tree search: 6259.597 sec (1h:44m:19s)
Total CPU time used: 79713.713 sec (22h:8m:33s)
Total wall-clock time used: 6281.897 sec (1h:44m:41s)
UFBoot trees printed to ultimateznf648.fa.ufboot

Computing bootstrap consensus tree...
Reading input file ultimateznf648.fa.splits.nex...
42 taxa and 244 splits.
Consensus tree written to ultimateznf648.fa.contree
Reading input trees file ultimateznf648.fa.contree
Log-likelihood of consensus tree: -21319.948

---> START RUN NUMBER 6 (seed: 639811)

Create initial parsimony tree by phylogenetic likelihood library (PLL)... 0.008 seconds
Generating 1000 samples for ultrafast bootstrap (seed: 639811)...
Model LG+C60+F+G is alias for LG+POISSON+G+FMIX{C60pi1:1:0.0169698865,C60pi2:1:0.0211683374,C60pi3:1:0.0276589079,C60pi4:1:0.0065675964,C60pi5:1:0.0141221416,C60pi6:1:0.0068774834,C60pi7:1:0.0146909701,C60pi8:1:0.0067225777,C60pi9:1:0.0018396660,C60pi10:1:0.0102547197,C60pi11:1:0.0230896163,C60pi12:1:0.0057941033,C60pi13:1:0.0125394534,C60pi14:1:0.0204526478,C60pi15:1:0.0070629602,C60pi16:1:0.0117982741,C60pi17:1:0.0068334668,C60pi18:1:0.0433775839,C60pi19:1:0.0318278731,C60pi20:1:0.0222546108,C60pi21:1:0.0102264969,C60pi22:1:0.0150545891,C60pi23:1:0.0134159878,C60pi24:1:0.0148552065,C60pi25:1:0.0239111516,C60pi26:1:0.0128776278,C60pi27:1:0.0222318842,C60pi28:1:0.0247444742,C60pi29:1:0.0214274810,C60pi30:1:0.0115001882,C60pi31:1:0.0076017389,C60pi32:1:0.0130258568,C60pi33:1:0.0093701965,C60pi34:1:0.0467194264,C60pi35:1:0.0441940314,C60pi36:1:0.0322263154,C60pi37:1:0.0402999891,C60pi38:1:0.0150234227,C60pi39:1:0.0104589903,C60pi40:1:0.0214742395,C60pi41:1:0.0154957836,C60pi42:1:0.0101789953,C60pi43:1:0.0227980379,C60pi44:1:0.0123204539,C60pi45:1:0.0066777583,C60pi46:1:0.0004150083,C60pi47:1:0.0344385130,C60pi48:1:0.0113663379,C60pi49:1:0.0127143049,C60pi50:1:0.0124323741,C60pi51:1:0.0262124415,C60pi52:1:0.0064994957,C60pi53:1:0.0103203293,C60pi54:1:0.0142463512,C60pi55:1:0.0215600067,C60pi56:1:0.0199150700,C60pi57:1:0.0038964200,C60pi58:1:0.0113448855,C60pi59:1:0.0128595846,C60pi60:1:0.0117656776}+F+G

NOTE: 1308 MB RAM (1 GB) is required!
Estimate model parameters (epsilon = 0.100)
1. Initial log-likelihood: -22798.993
2. Current log-likelihood: -21362.054
3. Current log-likelihood: -21354.043
Optimal log-likelihood: -21353.954
Mixture weights: 0.681 0.000 0.000 0.000 0.000 0.000 0.000 0.000 0.000 0.000 0.000 0.000 0.000 0.007 0.000 0.000 0.013 0.066 0.000 0.000 0.005 0.000 0.010 0.006 0.000 0.000 0.003 0.002 0.000 0.000 0.021 0.000 0.000 0.000 0.000 0.000 0.000 0.000 0.011 0.000 0.000 0.000 0.000 0.000 0.044 0.013 0.012 0.000 0.000 0.000 0.044 0.002 0.000 0.000 0.001 0.039 0.000 0.001 0.018 0.000 0.000
Gamma shape alpha: 0.617
Parameters optimization took 3 rounds (10.459 sec)
WARNING: The mixture model might be overfitting because some mixture weights are estimated close to zero
Computing ML distances based on estimated model parameters... 1.019 sec
Computing BIONJ tree...
0.001 seconds
Log-likelihood of BIONJ tree: -21764.405
--------------------------------------------------------------------
|             INITIALIZING CANDIDATE TREE SET                      |
--------------------------------------------------------------------
Generating 98 parsimony trees... 0.953 second
Computing log-likelihood of 98 initial trees ... 153.944 seconds
Current best score: -21353.954

Do NNI search on 20 best initial trees
Estimate model parameters (epsilon = 0.100)
WARNING: The mixture model might be overfitting because some mixture weights are estimated close to zero
BETTER TREE FOUND at iteration 1: -21325.235
Iteration 10 / LogL: -21325.959 / Time: 0h:5m:0s
Iteration 20 / LogL: -21331.813 / Time: 0h:7m:0s
Finish initializing candidate tree set (3)
Current best tree score: -21325.235 / CPU time: 402.374
Number of iterations: 20
--------------------------------------------------------------------
|               OPTIMIZING CANDIDATE TREE SET                      |
--------------------------------------------------------------------
Estimate model parameters (epsilon = 0.100)
WARNING: The mixture model might be overfitting because some mixture weights are estimated close to zero
BETTER TREE FOUND at iteration 22: -21324.046
Estimate model parameters (epsilon = 0.100)
WARNING: The mixture model might be overfitting because some mixture weights are estimated close to zero
BETTER TREE FOUND at iteration 27: -21323.738
Iteration 30 / LogL: -21325.236 / Time: 0h:10m:0s (0h:33m:25s left)
Estimate model parameters (epsilon = 0.100)
WARNING: The mixture model might be overfitting because some mixture weights are estimated close to zero
BETTER TREE FOUND at iteration 33: -21320.452
Iteration 40 / LogL: -21322.682 / Time: 0h:12m:39s (0h:30m:8s left)
Iteration 50 / LogL: -21326.063 / Time: 0h:15m:14s (0h:25m:47s left)
Iteration 60 / LogL: -21330.533 / Time: 0h:18m:4s (0h:22m:20s left)
Iteration 70 / LogL: -21322.604 / Time: 0h:20m:58s (0h:19m:8s left)
Iteration 80 / LogL: -21321.914 / Time: 0h:23m:49s (0h:15m:58s left)
Iteration 90 / LogL: -21321.028 / Time: 0h:26m:30s (0h:12m:47s left)
Iteration 100 / LogL: -21320.539 / Time: 0h:29m:47s (0h:9m:55s left)
Iteration 110 / LogL: -21320.562 / Time: 0h:32m:59s (0h:6m:57s left)
Iteration 120 / LogL: -21321.014 / Time: 0h:35m:33s (0h:3m:52s left)
Iteration 130 / LogL: -21320.476 / Time: 0h:38m:20s (0h:0m:53s left)
Refining ufboot trees with NNI 1 branch...
100 samples done
200 samples done
300 samples done
400 samples done
500 samples done
600 samples done
700 samples done
800 samples done
900 samples done
1000 samples done
Total 985 ufboot trees refined
TREE SEARCH COMPLETED AFTER 134 ITERATIONS / Time: 1h:33m:37s

--------------------------------------------------------------------
|                    FINALIZING TREE SEARCH                        |
--------------------------------------------------------------------
Performs final model parameters optimization
Estimate model parameters (epsilon = 0.010)
1. Initial log-likelihood: -21320.452
2. Current log-likelihood: -21319.875
3. Current log-likelihood: -21319.850
Optimal log-likelihood: -21319.844
Mixture weights: 0.674 0.000 0.000 0.000 0.000 0.000 0.000 0.000 0.000 0.000 0.000 0.000 0.000 0.006 0.000 0.000 0.014 0.062 0.000 0.000 0.005 0.000 0.009 0.007 0.000 0.000 0.002 0.005 0.000 0.000 0.025 0.000 0.000 0.000 0.000 0.000 0.000 0.005 0.007 0.000 0.000 0.000 0.000 0.000 0.046 0.012 0.013 0.000 0.001 0.000 0.044 0.002 0.000 0.000 0.000 0.041 0.000 0.000 0.018 0.000 0.000
Gamma shape alpha: 0.612
Parameters optimization took 3 rounds (6.131 sec)
WARNING: The mixture model might be overfitting because some mixture weights are estimated close to zero
BEST SCORE FOUND : -21319.844
Creating bootstrap support values...
Split supports printed to NEXUS file ultimateznf648.fa.splits.nex
Total tree length: 15.265

Total number of iterations: 134
CPU time used for tree search: 70793.343 sec (19h:39m:53s)
Wall-clock time used for tree search: 5597.623 sec (1h:33m:17s)
Total CPU time used: 71114.438 sec (19h:45m:14s)
Total wall-clock time used: 5623.488 sec (1h:33m:43s)
UFBoot trees printed to ultimateznf648.fa.ufboot

Computing bootstrap consensus tree...
Reading input file ultimateznf648.fa.splits.nex...
42 taxa and 244 splits.
Consensus tree written to ultimateznf648.fa.contree
Reading input trees file ultimateznf648.fa.contree
Log-likelihood of consensus tree: -21319.844

---> START RUN NUMBER 7 (seed: 640811)

Create initial parsimony tree by phylogenetic likelihood library (PLL)... 0.008 seconds
Generating 1000 samples for ultrafast bootstrap (seed: 640811)...
Model LG+C60+F+G is alias for LG+POISSON+G+FMIX{C60pi1:1:0.0169698865,C60pi2:1:0.0211683374,C60pi3:1:0.0276589079,C60pi4:1:0.0065675964,C60pi5:1:0.0141221416,C60pi6:1:0.0068774834,C60pi7:1:0.0146909701,C60pi8:1:0.0067225777,C60pi9:1:0.0018396660,C60pi10:1:0.0102547197,C60pi11:1:0.0230896163,C60pi12:1:0.0057941033,C60pi13:1:0.0125394534,C60pi14:1:0.0204526478,C60pi15:1:0.0070629602,C60pi16:1:0.0117982741,C60pi17:1:0.0068334668,C60pi18:1:0.0433775839,C60pi19:1:0.0318278731,C60pi20:1:0.0222546108,C60pi21:1:0.0102264969,C60pi22:1:0.0150545891,C60pi23:1:0.0134159878,C60pi24:1:0.0148552065,C60pi25:1:0.0239111516,C60pi26:1:0.0128776278,C60pi27:1:0.0222318842,C60pi28:1:0.0247444742,C60pi29:1:0.0214274810,C60pi30:1:0.0115001882,C60pi31:1:0.0076017389,C60pi32:1:0.0130258568,C60pi33:1:0.0093701965,C60pi34:1:0.0467194264,C60pi35:1:0.0441940314,C60pi36:1:0.0322263154,C60pi37:1:0.0402999891,C60pi38:1:0.0150234227,C60pi39:1:0.0104589903,C60pi40:1:0.0214742395,C60pi41:1:0.0154957836,C60pi42:1:0.0101789953,C60pi43:1:0.0227980379,C60pi44:1:0.0123204539,C60pi45:1:0.0066777583,C60pi46:1:0.0004150083,C60pi47:1:0.0344385130,C60pi48:1:0.0113663379,C60pi49:1:0.0127143049,C60pi50:1:0.0124323741,C60pi51:1:0.0262124415,C60pi52:1:0.0064994957,C60pi53:1:0.0103203293,C60pi54:1:0.0142463512,C60pi55:1:0.0215600067,C60pi56:1:0.0199150700,C60pi57:1:0.0038964200,C60pi58:1:0.0113448855,C60pi59:1:0.0128595846,C60pi60:1:0.0117656776}+F+G

NOTE: 1308 MB RAM (1 GB) is required!
Estimate model parameters (epsilon = 0.100)
1. Initial log-likelihood: -22801.837
2. Current log-likelihood: -21363.889
3. Current log-likelihood: -21355.876
Optimal log-likelihood: -21355.787
Mixture weights: 0.681 0.000 0.000 0.000 0.000 0.000 0.000 0.000 0.000 0.000 0.000 0.000 0.000 0.007 0.000 0.000 0.013 0.066 0.000 0.000 0.005 0.000 0.010 0.006 0.000 0.000 0.003 0.002 0.000 0.000 0.021 0.000 0.000 0.000 0.000 0.000 0.000 0.000 0.011 0.000 0.000 0.000 0.000 0.000 0.044 0.013 0.012 0.000 0.000 0.000 0.044 0.002 0.000 0.000 0.001 0.038 0.000 0.001 0.017 0.000 0.000
Gamma shape alpha: 0.617
Parameters optimization took 3 rounds (10.050 sec)
WARNING: The mixture model might be overfitting because some mixture weights are estimated close to zero
Computing ML distances based on estimated model parameters... 0.937 sec
Computing BIONJ tree...
0.001 seconds
Log-likelihood of BIONJ tree: -21764.411
--------------------------------------------------------------------
|             INITIALIZING CANDIDATE TREE SET                      |
--------------------------------------------------------------------
Generating 98 parsimony trees... 0.929 second
Computing log-likelihood of 98 initial trees ... 153.919 seconds
Current best score: -21355.787

Do NNI search on 20 best initial trees
Estimate model parameters (epsilon = 0.100)
WARNING: The mixture model might be overfitting because some mixture weights are estimated close to zero
BETTER TREE FOUND at iteration 1: -21325.214
Iteration 10 / LogL: -21325.938 / Time: 0h:4m:58s
Iteration 20 / LogL: -21325.520 / Time: 0h:6m:59s
Finish initializing candidate tree set (3)
Current best tree score: -21325.214 / CPU time: 401.456
Number of iterations: 20
--------------------------------------------------------------------
|               OPTIMIZING CANDIDATE TREE SET                      |
--------------------------------------------------------------------
Estimate model parameters (epsilon = 0.100)
WARNING: The mixture model might be overfitting because some mixture weights are estimated close to zero
BETTER TREE FOUND at iteration 28: -21324.000
Iteration 30 / LogL: -21325.876 / Time: 0h:9m:46s (0h:32m:57s left)
Estimate model parameters (epsilon = 0.100)
WARNING: The mixture model might be overfitting because some mixture weights are estimated close to zero
BETTER TREE FOUND at iteration 35: -21320.903
Iteration 40 / LogL: -21322.526 / Time: 0h:12m:47s (0h:31m:5s left)
Estimate model parameters (epsilon = 0.100)
WARNING: The mixture model might be overfitting because some mixture weights are estimated close to zero
BETTER TREE FOUND at iteration 45: -21320.589
Iteration 50 / LogL: -21322.002 / Time: 0h:15m:40s (0h:30m:21s left)
Iteration 60 / LogL: -21322.240 / Time: 0h:18m:34s (0h:26m:43s left)
Iteration 70 / LogL: -21495.042 / Time: 0h:21m:20s (0h:23m:9s left)
Iteration 80 / LogL: -21320.701 / Time: 0h:24m:5s (0h:19m:48s left)
Iteration 90 / LogL: -21324.209 / Time: 0h:27m:7s (0h:16m:45s left)
Iteration 100 / LogL: -21321.408 / Time: 0h:29m:48s (0h:13m:32s left)
Iteration 110 / LogL: -21321.624 / Time: 0h:32m:28s (0h:10m:25s left)
Iteration 120 / LogL: -21327.980 / Time: 0h:34m:59s (0h:7m:20s left)
Iteration 130 / LogL: -21322.629 / Time: 0h:37m:50s (0h:4m:23s left)
Iteration 140 / LogL: -21387.434 / Time: 0h:40m:52s (0h:1m:28s left)
Refining ufboot trees with NNI 1 branch...
100 samples done
200 samples done
300 samples done
400 samples done
500 samples done
600 samples done
700 samples done
800 samples done
900 samples done
1000 samples done
Total 978 ufboot trees refined
TREE SEARCH COMPLETED AFTER 146 ITERATIONS / Time: 1h:37m:20s

--------------------------------------------------------------------
|                    FINALIZING TREE SEARCH                        |
--------------------------------------------------------------------
Performs final model parameters optimization
Estimate model parameters (epsilon = 0.010)
1. Initial log-likelihood: -21320.589
2. Current log-likelihood: -21320.560
3. Current log-likelihood: -21319.979
4. Current log-likelihood: -21319.953
Optimal log-likelihood: -21319.948
Mixture weights: 0.675 0.000 0.000 0.000 0.000 0.000 0.000 0.000 0.000 0.000 0.000 0.000 0.000 0.007 0.000 0.000 0.013 0.062 0.000 0.000 0.005 0.000 0.011 0.007 0.000 0.000 0.001 0.001 0.000 0.000 0.024 0.000 0.000 0.000 0.000 0.000 0.000 0.005 0.009 0.000 0.000 0.000 0.001 0.000 0.047 0.011 0.012 0.000 0.001 0.000 0.045 0.002 0.000 0.000 0.000 0.041 0.000 0.000 0.019 0.000 0.000
Gamma shape alpha: 0.613
Parameters optimization took 4 rounds (7.572 sec)
WARNING: The mixture model might be overfitting because some mixture weights are estimated close to zero
BEST SCORE FOUND : -21319.948
Creating bootstrap support values...
Split supports printed to NEXUS file ultimateznf648.fa.splits.nex
Total tree length: 15.347

Total number of iterations: 146
CPU time used for tree search: 73402.549 sec (20h:23m:22s)
Wall-clock time used for tree search: 5821.503 sec (1h:37m:1s)
Total CPU time used: 73737.740 sec (20h:28m:57s)
Total wall-clock time used: 5848.634 sec (1h:37m:28s)
UFBoot trees printed to ultimateznf648.fa.ufboot

Computing bootstrap consensus tree...
Reading input file ultimateznf648.fa.splits.nex...
42 taxa and 240 splits.
Consensus tree written to ultimateznf648.fa.contree
Reading input trees file ultimateznf648.fa.contree
Log-likelihood of consensus tree: -21319.948

---> START RUN NUMBER 8 (seed: 641811)

Create initial parsimony tree by phylogenetic likelihood library (PLL)... 0.009 seconds
Generating 1000 samples for ultrafast bootstrap (seed: 641811)...
Model LG+C60+F+G is alias for LG+POISSON+G+FMIX{C60pi1:1:0.0169698865,C60pi2:1:0.0211683374,C60pi3:1:0.0276589079,C60pi4:1:0.0065675964,C60pi5:1:0.0141221416,C60pi6:1:0.0068774834,C60pi7:1:0.0146909701,C60pi8:1:0.0067225777,C60pi9:1:0.0018396660,C60pi10:1:0.0102547197,C60pi11:1:0.0230896163,C60pi12:1:0.0057941033,C60pi13:1:0.0125394534,C60pi14:1:0.0204526478,C60pi15:1:0.0070629602,C60pi16:1:0.0117982741,C60pi17:1:0.0068334668,C60pi18:1:0.0433775839,C60pi19:1:0.0318278731,C60pi20:1:0.0222546108,C60pi21:1:0.0102264969,C60pi22:1:0.0150545891,C60pi23:1:0.0134159878,C60pi24:1:0.0148552065,C60pi25:1:0.0239111516,C60pi26:1:0.0128776278,C60pi27:1:0.0222318842,C60pi28:1:0.0247444742,C60pi29:1:0.0214274810,C60pi30:1:0.0115001882,C60pi31:1:0.0076017389,C60pi32:1:0.0130258568,C60pi33:1:0.0093701965,C60pi34:1:0.0467194264,C60pi35:1:0.0441940314,C60pi36:1:0.0322263154,C60pi37:1:0.0402999891,C60pi38:1:0.0150234227,C60pi39:1:0.0104589903,C60pi40:1:0.0214742395,C60pi41:1:0.0154957836,C60pi42:1:0.0101789953,C60pi43:1:0.0227980379,C60pi44:1:0.0123204539,C60pi45:1:0.0066777583,C60pi46:1:0.0004150083,C60pi47:1:0.0344385130,C60pi48:1:0.0113663379,C60pi49:1:0.0127143049,C60pi50:1:0.0124323741,C60pi51:1:0.0262124415,C60pi52:1:0.0064994957,C60pi53:1:0.0103203293,C60pi54:1:0.0142463512,C60pi55:1:0.0215600067,C60pi56:1:0.0199150700,C60pi57:1:0.0038964200,C60pi58:1:0.0113448855,C60pi59:1:0.0128595846,C60pi60:1:0.0117656776}+F+G

NOTE: 1308 MB RAM (1 GB) is required!
Estimate model parameters (epsilon = 0.100)
1. Initial log-likelihood: -22825.666
2. Current log-likelihood: -21363.338
3. Current log-likelihood: -21354.509
Optimal log-likelihood: -21354.428
Mixture weights: 0.682 0.001 0.000 0.000 0.000 0.000 0.000 0.000 0.000 0.000 0.000 0.000 0.000 0.006 0.000 0.000 0.014 0.065 0.000 0.001 0.005 0.000 0.008 0.005 0.000 0.000 0.004 0.002 0.000 0.000 0.025 0.000 0.000 0.000 0.000 0.000 0.000 0.000 0.008 0.000 0.000 0.000 0.000 0.000 0.044 0.010 0.012 0.000 0.003 0.000 0.042 0.002 0.000 0.000 0.002 0.038 0.000 0.001 0.019 0.000 0.000
Gamma shape alpha: 0.616
Parameters optimization took 3 rounds (10.264 sec)
WARNING: The mixture model might be overfitting because some mixture weights are estimated close to zero
Computing ML distances based on estimated model parameters... 1.055 sec
Computing BIONJ tree...
0.002 seconds
Log-likelihood of BIONJ tree: -21764.498
--------------------------------------------------------------------
|             INITIALIZING CANDIDATE TREE SET                      |
--------------------------------------------------------------------
Generating 98 parsimony trees... 0.885 second
Computing log-likelihood of 98 initial trees ... 153.329 seconds
Current best score: -21354.428

Do NNI search on 20 best initial trees
Estimate model parameters (epsilon = 0.100)
WARNING: The mixture model might be overfitting because some mixture weights are estimated close to zero
BETTER TREE FOUND at iteration 1: -21325.424
Iteration 10 / LogL: -21325.812 / Time: 0h:5m:2s
Estimate model parameters (epsilon = 0.100)
WARNING: The mixture model might be overfitting because some mixture weights are estimated close to zero
UPDATE BEST LOG-LIKELIHOOD: -21325.057
Iteration 20 / LogL: -21325.359 / Time: 0h:7m:5s
Finish initializing candidate tree set (2)
Current best tree score: -21325.057 / CPU time: 407.123
Number of iterations: 20
--------------------------------------------------------------------
|               OPTIMIZING CANDIDATE TREE SET                      |
--------------------------------------------------------------------
Estimate model parameters (epsilon = 0.100)
WARNING: The mixture model might be overfitting because some mixture weights are estimated close to zero
BETTER TREE FOUND at iteration 23: -21323.988
Estimate model parameters (epsilon = 0.100)
WARNING: The mixture model might be overfitting because some mixture weights are estimated close to zero
BETTER TREE FOUND at iteration 29: -21323.294
Iteration 30 / LogL: -21324.785 / Time: 0h:10m:14s (0h:34m:51s left)
Iteration 40 / LogL: -21324.055 / Time: 0h:13m:2s (0h:29m:42s left)
Iteration 50 / LogL: -21325.283 / Time: 0h:15m:30s (0h:24m:57s left)
Iteration 60 / LogL: -21324.659 / Time: 0h:18m:23s (0h:21m:28s left)
Iteration 70 / LogL: -21324.861 / Time: 0h:21m:25s (0h:18m:17s left)
Estimate model parameters (epsilon = 0.100)
WARNING: The mixture model might be overfitting because some mixture weights are estimated close to zero
BETTER TREE FOUND at iteration 72: -21320.681
Estimate model parameters (epsilon = 0.100)
WARNING: The mixture model might be overfitting because some mixture weights are estimated close to zero
BETTER TREE FOUND at iteration 75: -21319.768
Iteration 80 / LogL: -21321.025 / Time: 0h:24m:38s (0h:29m:35s left)
Iteration 90 / LogL: -21320.830 / Time: 0h:27m:23s (0h:26m:8s left)
Iteration 100 / LogL: -21319.973 / Time: 0h:30m:19s (0h:22m:56s left)
Iteration 110 / LogL: -21328.992 / Time: 0h:33m:6s (0h:19m:43s left)
Iteration 120 / LogL: -21323.251 / Time: 0h:36m:2s (0h:16m:38s left)
Iteration 130 / LogL: -21320.449 / Time: 0h:38m:37s (0h:13m:27s left)
Iteration 140 / LogL: -21321.134 / Time: 0h:41m:15s (0h:10m:23s left)
Iteration 150 / LogL: -21321.592 / Time: 0h:43m:53s (0h:7m:21s left)
Iteration 160 / LogL: -21327.543 / Time: 0h:46m:49s (0h:4m:24s left)
Iteration 170 / LogL: -21321.674 / Time: 0h:49m:20s (0h:1m:27s left)
Refining ufboot trees with NNI 1 branch...
100 samples done
200 samples done
300 samples done
400 samples done
500 samples done
600 samples done
700 samples done
800 samples done
900 samples done
1000 samples done
Total 979 ufboot trees refined
TREE SEARCH COMPLETED AFTER 176 ITERATIONS / Time: 1h:45m:22s

--------------------------------------------------------------------
|                    FINALIZING TREE SEARCH                        |
--------------------------------------------------------------------
Performs final model parameters optimization
Estimate model parameters (epsilon = 0.010)
1. Initial log-likelihood: -21319.768
Optimal log-likelihood: -21319.764
Mixture weights: 0.675 0.000 0.000 0.000 0.000 0.000 0.000 0.000 0.000 0.000 0.000 0.000 0.000 0.007 0.000 0.000 0.014 0.061 0.000 0.000 0.006 0.000 0.010 0.007 0.000 0.000 0.001 0.002 0.000 0.000 0.025 0.000 0.000 0.000 0.000 0.000 0.000 0.005 0.008 0.000 0.000 0.000 0.001 0.000 0.046 0.011 0.013 0.000 0.001 0.000 0.045 0.002 0.000 0.000 0.000 0.042 0.000 0.000 0.017 0.000 0.000
Gamma shape alpha: 0.613
Parameters optimization took 1 rounds (2.268 sec)
WARNING: The mixture model might be overfitting because some mixture weights are estimated close to zero
BEST SCORE FOUND : -21319.764
Creating bootstrap support values...
Split supports printed to NEXUS file ultimateznf648.fa.splits.nex
Total tree length: 15.421

Total number of iterations: 176
CPU time used for tree search: 79248.176 sec (22h:0m:48s)
Wall-clock time used for tree search: 6302.243 sec (1h:45m:2s)
Total CPU time used: 79518.660 sec (22h:5m:18s)
Total wall-clock time used: 6324.625 sec (1h:45m:24s)
UFBoot trees printed to ultimateznf648.fa.ufboot

Computing bootstrap consensus tree...
Reading input file ultimateznf648.fa.splits.nex...
42 taxa and 253 splits.
Consensus tree written to ultimateznf648.fa.contree
Reading input trees file ultimateznf648.fa.contree
Log-likelihood of consensus tree: -21323.611

---> START RUN NUMBER 9 (seed: 642811)

Create initial parsimony tree by phylogenetic likelihood library (PLL)... 0.008 seconds
Generating 1000 samples for ultrafast bootstrap (seed: 642811)...
Model LG+C60+F+G is alias for LG+POISSON+G+FMIX{C60pi1:1:0.0169698865,C60pi2:1:0.0211683374,C60pi3:1:0.0276589079,C60pi4:1:0.0065675964,C60pi5:1:0.0141221416,C60pi6:1:0.0068774834,C60pi7:1:0.0146909701,C60pi8:1:0.0067225777,C60pi9:1:0.0018396660,C60pi10:1:0.0102547197,C60pi11:1:0.0230896163,C60pi12:1:0.0057941033,C60pi13:1:0.0125394534,C60pi14:1:0.0204526478,C60pi15:1:0.0070629602,C60pi16:1:0.0117982741,C60pi17:1:0.0068334668,C60pi18:1:0.0433775839,C60pi19:1:0.0318278731,C60pi20:1:0.0222546108,C60pi21:1:0.0102264969,C60pi22:1:0.0150545891,C60pi23:1:0.0134159878,C60pi24:1:0.0148552065,C60pi25:1:0.0239111516,C60pi26:1:0.0128776278,C60pi27:1:0.0222318842,C60pi28:1:0.0247444742,C60pi29:1:0.0214274810,C60pi30:1:0.0115001882,C60pi31:1:0.0076017389,C60pi32:1:0.0130258568,C60pi33:1:0.0093701965,C60pi34:1:0.0467194264,C60pi35:1:0.0441940314,C60pi36:1:0.0322263154,C60pi37:1:0.0402999891,C60pi38:1:0.0150234227,C60pi39:1:0.0104589903,C60pi40:1:0.0214742395,C60pi41:1:0.0154957836,C60pi42:1:0.0101789953,C60pi43:1:0.0227980379,C60pi44:1:0.0123204539,C60pi45:1:0.0066777583,C60pi46:1:0.0004150083,C60pi47:1:0.0344385130,C60pi48:1:0.0113663379,C60pi49:1:0.0127143049,C60pi50:1:0.0124323741,C60pi51:1:0.0262124415,C60pi52:1:0.0064994957,C60pi53:1:0.0103203293,C60pi54:1:0.0142463512,C60pi55:1:0.0215600067,C60pi56:1:0.0199150700,C60pi57:1:0.0038964200,C60pi58:1:0.0113448855,C60pi59:1:0.0128595846,C60pi60:1:0.0117656776}+F+G

NOTE: 1308 MB RAM (1 GB) is required!
Estimate model parameters (epsilon = 0.100)
1. Initial log-likelihood: -22825.717
2. Current log-likelihood: -21363.571
3. Current log-likelihood: -21354.628
Optimal log-likelihood: -21354.545
Mixture weights: 0.682 0.001 0.000 0.000 0.000 0.000 0.000 0.000 0.000 0.000 0.000 0.000 0.000 0.006 0.000 0.000 0.014 0.065 0.000 0.001 0.005 0.000 0.008 0.005 0.000 0.000 0.004 0.002 0.000 0.000 0.026 0.000 0.000 0.000 0.000 0.000 0.000 0.000 0.008 0.000 0.000 0.000 0.000 0.000 0.043 0.010 0.012 0.000 0.003 0.000 0.042 0.002 0.000 0.000 0.002 0.039 0.000 0.001 0.019 0.000 0.000
Gamma shape alpha: 0.615
Parameters optimization took 3 rounds (10.368 sec)
WARNING: The mixture model might be overfitting because some mixture weights are estimated close to zero
Computing ML distances based on estimated model parameters... 0.942 sec
Computing BIONJ tree...
0.002 seconds
Log-likelihood of BIONJ tree: -21764.448
--------------------------------------------------------------------
|             INITIALIZING CANDIDATE TREE SET                      |
--------------------------------------------------------------------
Generating 98 parsimony trees... 0.895 second
Computing log-likelihood of 98 initial trees ... 152.393 seconds
Current best score: -21354.545

Do NNI search on 20 best initial trees
Estimate model parameters (epsilon = 0.100)
WARNING: The mixture model might be overfitting because some mixture weights are estimated close to zero
BETTER TREE FOUND at iteration 1: -21325.422
Iteration 10 / LogL: -21325.812 / Time: 0h:5m:0s
Estimate model parameters (epsilon = 0.100)
WARNING: The mixture model might be overfitting because some mixture weights are estimated close to zero
UPDATE BEST LOG-LIKELIHOOD: -21325.049
Iteration 20 / LogL: -21325.350 / Time: 0h:7m:2s
Finish initializing candidate tree set (2)
Current best tree score: -21325.049 / CPU time: 404.512
Number of iterations: 20
--------------------------------------------------------------------
|               OPTIMIZING CANDIDATE TREE SET                      |
--------------------------------------------------------------------
Estimate model parameters (epsilon = 0.100)
WARNING: The mixture model might be overfitting because some mixture weights are estimated close to zero
BETTER TREE FOUND at iteration 23: -21323.669
Iteration 30 / LogL: -21332.209 / Time: 0h:9m:52s (0h:31m:34s left)
Estimate model parameters (epsilon = 0.100)
WARNING: The mixture model might be overfitting because some mixture weights are estimated close to zero
BETTER TREE FOUND at iteration 39: -21320.693
Iteration 40 / LogL: -21325.587 / Time: 0h:12m:54s (0h:32m:41s left)
Iteration 50 / LogL: -21321.483 / Time: 0h:15m:35s (0h:28m:14s left)
Iteration 60 / LogL: -21320.781 / Time: 0h:18m:22s (0h:24m:33s left)
Iteration 70 / LogL: -21357.224 / Time: 0h:21m:26s (0h:21m:24s left)
Iteration 80 / LogL: -21324.195 / Time: 0h:24m:5s (0h:17m:58s left)
Estimate model parameters (epsilon = 0.100)
WARNING: The mixture model might be overfitting because some mixture weights are estimated close to zero
BETTER TREE FOUND at iteration 81: -21320.185
Iteration 90 / LogL: -21325.507 / Time: 0h:26m:48s (0h:27m:22s left)
Estimate model parameters (epsilon = 0.100)
WARNING: The mixture model might be overfitting because some mixture weights are estimated close to zero
BETTER TREE FOUND at iteration 96: -21319.892
Iteration 100 / LogL: -21321.080 / Time: 0h:29m:40s (0h:28m:44s left)
Iteration 110 / LogL: -21321.950 / Time: 0h:32m:19s (0h:25m:28s left)
Iteration 120 / LogL: -21322.747 / Time: 0h:35m:1s (0h:22m:21s left)
Iteration 130 / LogL: -21320.824 / Time: 0h:37m:55s (0h:19m:23s left)
Iteration 140 / LogL: -21323.165 / Time: 0h:40m:41s (0h:16m:22s left)
Iteration 150 / LogL: -21320.427 / Time: 0h:43m:31s (0h:13m:25s left)
Iteration 160 / LogL: -21321.053 / Time: 0h:46m:1s (0h:10m:24s left)
Iteration 170 / LogL: -21321.191 / Time: 0h:48m:34s (0h:7m:28s left)
Iteration 180 / LogL: -21360.763 / Time: 0h:51m:30s (0h:4m:36s left)
Iteration 190 / LogL: -21321.202 / Time: 0h:54m:29s (0h:1m:43s left)
Refining ufboot trees with NNI 1 branch...
100 samples done
200 samples done
300 samples done
400 samples done
500 samples done
600 samples done
700 samples done
800 samples done
900 samples done
1000 samples done
Total 982 ufboot trees refined
TREE SEARCH COMPLETED AFTER 197 ITERATIONS / Time: 1h:50m:30s

--------------------------------------------------------------------
|                    FINALIZING TREE SEARCH                        |
--------------------------------------------------------------------
Performs final model parameters optimization
Estimate model parameters (epsilon = 0.010)
1. Initial log-likelihood: -21319.892
Optimal log-likelihood: -21319.887
Mixture weights: 0.675 0.000 0.000 0.000 0.000 0.000 0.000 0.000 0.000 0.000 0.000 0.000 0.000 0.006 0.000 0.000 0.013 0.062 0.000 0.000 0.005 0.000 0.010 0.007 0.000 0.000 0.002 0.003 0.000 0.000 0.025 0.000 0.000 0.000 0.000 0.000 0.000 0.006 0.009 0.000 0.000 0.000 0.001 0.000 0.046 0.010 0.013 0.000 0.001 0.000 0.045 0.002 0.000 0.000 0.000 0.041 0.000 0.000 0.019 0.000 0.000
Gamma shape alpha: 0.613
Parameters optimization took 1 rounds (2.321 sec)
WARNING: The mixture model might be overfitting because some mixture weights are estimated close to zero
BEST SCORE FOUND : -21319.887
Creating bootstrap support values...
Split supports printed to NEXUS file ultimateznf648.fa.splits.nex
Total tree length: 15.286

Total number of iterations: 197
CPU time used for tree search: 82877.871 sec (23h:1m:17s)
Wall-clock time used for tree search: 6610.141 sec (1h:50m:10s)
Total CPU time used: 83149.695 sec (23h:5m:49s)
Total wall-clock time used: 6632.874 sec (1h:50m:32s)
UFBoot trees printed to ultimateznf648.fa.ufboot

Computing bootstrap consensus tree...
Reading input file ultimateznf648.fa.splits.nex...
42 taxa and 245 splits.
Consensus tree written to ultimateznf648.fa.contree
Reading input trees file ultimateznf648.fa.contree
Log-likelihood of consensus tree: -21323.514

---> START RUN NUMBER 10 (seed: 643811)

Create initial parsimony tree by phylogenetic likelihood library (PLL)... 0.011 seconds
Generating 1000 samples for ultrafast bootstrap (seed: 643811)...
Model LG+C60+F+G is alias for LG+POISSON+G+FMIX{C60pi1:1:0.0169698865,C60pi2:1:0.0211683374,C60pi3:1:0.0276589079,C60pi4:1:0.0065675964,C60pi5:1:0.0141221416,C60pi6:1:0.0068774834,C60pi7:1:0.0146909701,C60pi8:1:0.0067225777,C60pi9:1:0.0018396660,C60pi10:1:0.0102547197,C60pi11:1:0.0230896163,C60pi12:1:0.0057941033,C60pi13:1:0.0125394534,C60pi14:1:0.0204526478,C60pi15:1:0.0070629602,C60pi16:1:0.0117982741,C60pi17:1:0.0068334668,C60pi18:1:0.0433775839,C60pi19:1:0.0318278731,C60pi20:1:0.0222546108,C60pi21:1:0.0102264969,C60pi22:1:0.0150545891,C60pi23:1:0.0134159878,C60pi24:1:0.0148552065,C60pi25:1:0.0239111516,C60pi26:1:0.0128776278,C60pi27:1:0.0222318842,C60pi28:1:0.0247444742,C60pi29:1:0.0214274810,C60pi30:1:0.0115001882,C60pi31:1:0.0076017389,C60pi32:1:0.0130258568,C60pi33:1:0.0093701965,C60pi34:1:0.0467194264,C60pi35:1:0.0441940314,C60pi36:1:0.0322263154,C60pi37:1:0.0402999891,C60pi38:1:0.0150234227,C60pi39:1:0.0104589903,C60pi40:1:0.0214742395,C60pi41:1:0.0154957836,C60pi42:1:0.0101789953,C60pi43:1:0.0227980379,C60pi44:1:0.0123204539,C60pi45:1:0.0066777583,C60pi46:1:0.0004150083,C60pi47:1:0.0344385130,C60pi48:1:0.0113663379,C60pi49:1:0.0127143049,C60pi50:1:0.0124323741,C60pi51:1:0.0262124415,C60pi52:1:0.0064994957,C60pi53:1:0.0103203293,C60pi54:1:0.0142463512,C60pi55:1:0.0215600067,C60pi56:1:0.0199150700,C60pi57:1:0.0038964200,C60pi58:1:0.0113448855,C60pi59:1:0.0128595846,C60pi60:1:0.0117656776}+F+G

NOTE: 1308 MB RAM (1 GB) is required!
Estimate model parameters (epsilon = 0.100)
1. Initial log-likelihood: -22798.993
2. Current log-likelihood: -21362.054
3. Current log-likelihood: -21354.043
Optimal log-likelihood: -21353.954
Mixture weights: 0.681 0.000 0.000 0.000 0.000 0.000 0.000 0.000 0.000 0.000 0.000 0.000 0.000 0.007 0.000 0.000 0.013 0.066 0.000 0.000 0.005 0.000 0.010 0.006 0.000 0.000 0.003 0.002 0.000 0.000 0.021 0.000 0.000 0.000 0.000 0.000 0.000 0.000 0.011 0.000 0.000 0.000 0.000 0.000 0.044 0.013 0.012 0.000 0.000 0.000 0.044 0.002 0.000 0.000 0.001 0.039 0.000 0.001 0.018 0.000 0.000
Gamma shape alpha: 0.617
Parameters optimization took 3 rounds (10.232 sec)
WARNING: The mixture model might be overfitting because some mixture weights are estimated close to zero
Computing ML distances based on estimated model parameters... 1.044 sec
Computing BIONJ tree...
0.001 seconds
Log-likelihood of BIONJ tree: -21764.405
--------------------------------------------------------------------
|             INITIALIZING CANDIDATE TREE SET                      |
--------------------------------------------------------------------
Generating 98 parsimony trees... 0.941 second
Computing log-likelihood of 98 initial trees ... 153.883 seconds
Current best score: -21353.954

Do NNI search on 20 best initial trees
Estimate model parameters (epsilon = 0.100)
WARNING: The mixture model might be overfitting because some mixture weights are estimated close to zero
BETTER TREE FOUND at iteration 1: -21325.235
Iteration 10 / LogL: -21325.960 / Time: 0h:5m:0s
Iteration 20 / LogL: -21326.194 / Time: 0h:7m:1s
Finish initializing candidate tree set (3)
Current best tree score: -21325.235 / CPU time: 402.790
Number of iterations: 20
--------------------------------------------------------------------
|               OPTIMIZING CANDIDATE TREE SET                      |
--------------------------------------------------------------------
Estimate model parameters (epsilon = 0.100)
WARNING: The mixture model might be overfitting because some mixture weights are estimated close to zero
BETTER TREE FOUND at iteration 23: -21321.517
Estimate model parameters (epsilon = 0.100)
WARNING: The mixture model might be overfitting because some mixture weights are estimated close to zero
BETTER TREE FOUND at iteration 25: -21320.676
Iteration 30 / LogL: -21321.202 / Time: 0h:10m:1s (0h:32m:43s left)
Estimate model parameters (epsilon = 0.100)
WARNING: The mixture model might be overfitting because some mixture weights are estimated close to zero
BETTER TREE FOUND at iteration 32: -21319.956
Iteration 40 / LogL: -21321.991 / Time: 0h:12m:41s (0h:29m:50s left)
Iteration 50 / LogL: -21325.988 / Time: 0h:15m:46s (0h:26m:19s left)
Iteration 60 / LogL: -21321.290 / Time: 0h:18m:43s (0h:22m:48s left)
Iteration 70 / LogL: -21320.699 / Time: 0h:21m:29s (0h:19m:16s left)
Iteration 80 / LogL: -21320.785 / Time: 0h:24m:9s (0h:15m:52s left)
Iteration 90 / LogL: -21321.856 / Time: 0h:27m:6s (0h:12m:46s left)
Iteration 100 / LogL: -21320.868 / Time: 0h:30m:21s (0h:9m:48s left)
Iteration 110 / LogL: -21320.700 / Time: 0h:33m:13s (0h:6m:41s left)
Iteration 120 / LogL: -21320.789 / Time: 0h:36m:14s (0h:3m:39s left)
Iteration 130 / LogL: -21320.596 / Time: 0h:39m:3s (0h:0m:36s left)
Refining ufboot trees with NNI 1 branch...
100 samples done
200 samples done
300 samples done
400 samples done
500 samples done
600 samples done
700 samples done
800 samples done
900 samples done
1000 samples done
Total 985 ufboot trees refined
TREE SEARCH COMPLETED AFTER 133 ITERATIONS / Time: 1h:35m:35s

--------------------------------------------------------------------
|                    FINALIZING TREE SEARCH                        |
--------------------------------------------------------------------
Performs final model parameters optimization
Estimate model parameters (epsilon = 0.010)
1. Initial log-likelihood: -21319.956
Optimal log-likelihood: -21319.952
Mixture weights: 0.675 0.000 0.000 0.000 0.000 0.000 0.000 0.000 0.000 0.000 0.000 0.000 0.000 0.007 0.000 0.000 0.012 0.062 0.000 0.000 0.005 0.000 0.010 0.007 0.000 0.000 0.002 0.001 0.000 0.000 0.024 0.000 0.000 0.000 0.000 0.000 0.000 0.005 0.010 0.000 0.000 0.000 0.001 0.000 0.048 0.011 0.013 0.000 0.001 0.000 0.045 0.002 0.000 0.000 0.000 0.040 0.000 0.000 0.019 0.000 0.000
Gamma shape alpha: 0.613
Parameters optimization took 1 rounds (2.340 sec)
WARNING: The mixture model might be overfitting because some mixture weights are estimated close to zero
BEST SCORE FOUND : -21319.952
Creating bootstrap support values...
Split supports printed to NEXUS file ultimateznf648.fa.splits.nex
Total tree length: 15.336

Total number of iterations: 133
CPU time used for tree search: 71368.325 sec (19h:49m:28s)
Wall-clock time used for tree search: 5714.947 sec (1h:35m:14s)
Total CPU time used: 71638.751 sec (19h:53m:58s)
Total wall-clock time used: 5738.090 sec (1h:35m:38s)
UFBoot trees printed to ultimateznf648.fa.ufboot

Computing bootstrap consensus tree...
Reading input file ultimateznf648.fa.splits.nex...
42 taxa and 239 splits.
Consensus tree written to ultimateznf648.fa.contree
Reading input trees file ultimateznf648.fa.contree
Log-likelihood of consensus tree: -21320.205

---> SUMMARIZE RESULTS FROM 10 RUNS

Run 1 gave best log-likelihood: -21319.747
Model LG+C60+F+G is alias for LG+POISSON+G+FMIX{C60pi1:1:0.0169698865,C60pi2:1:0.0211683374,C60pi3:1:0.0276589079,C60pi4:1:0.0065675964,C60pi5:1:0.0141221416,C60pi6:1:0.0068774834,C60pi7:1:0.0146909701,C60pi8:1:0.0067225777,C60pi9:1:0.0018396660,C60pi10:1:0.0102547197,C60pi11:1:0.0230896163,C60pi12:1:0.0057941033,C60pi13:1:0.0125394534,C60pi14:1:0.0204526478,C60pi15:1:0.0070629602,C60pi16:1:0.0117982741,C60pi17:1:0.0068334668,C60pi18:1:0.0433775839,C60pi19:1:0.0318278731,C60pi20:1:0.0222546108,C60pi21:1:0.0102264969,C60pi22:1:0.0150545891,C60pi23:1:0.0134159878,C60pi24:1:0.0148552065,C60pi25:1:0.0239111516,C60pi26:1:0.0128776278,C60pi27:1:0.0222318842,C60pi28:1:0.0247444742,C60pi29:1:0.0214274810,C60pi30:1:0.0115001882,C60pi31:1:0.0076017389,C60pi32:1:0.0130258568,C60pi33:1:0.0093701965,C60pi34:1:0.0467194264,C60pi35:1:0.0441940314,C60pi36:1:0.0322263154,C60pi37:1:0.0402999891,C60pi38:1:0.0150234227,C60pi39:1:0.0104589903,C60pi40:1:0.0214742395,C60pi41:1:0.0154957836,C60pi42:1:0.0101789953,C60pi43:1:0.0227980379,C60pi44:1:0.0123204539,C60pi45:1:0.0066777583,C60pi46:1:0.0004150083,C60pi47:1:0.0344385130,C60pi48:1:0.0113663379,C60pi49:1:0.0127143049,C60pi50:1:0.0124323741,C60pi51:1:0.0262124415,C60pi52:1:0.0064994957,C60pi53:1:0.0103203293,C60pi54:1:0.0142463512,C60pi55:1:0.0215600067,C60pi56:1:0.0199150700,C60pi57:1:0.0038964200,C60pi58:1:0.0113448855,C60pi59:1:0.0128595846,C60pi60:1:0.0117656776}+F+G
ERROR: STACK TRACE FOR DEBUGGING:
ERROR: 
ERROR: *** IQ-TREE CRASHES WITH SIGNAL SEGMENTATION FAULT
ERROR: *** For bug report please send to developers:
ERROR: ***    Log file: ultimateznf648.fa.log
ERROR: ***    Alignment files (if possible)
/tmp/slurmd/job2329407/slurm_script: line 11:  9677 Segmentation fault      iqtree -s ultimateznf648.fa -m LG+C60+F+G -bb 1000 -wbtl -bnni -nt AUTO --runs 10
